[github.com/flipped-aurora/gin-vue-admin/server]2026-04-17 14:08:14.982	[34minfo[0m	/Users/charles/Documents/back/gin-vue-admin/server/api/v1/starNote/note_model.go:681	SyncUserNotesPull request	{"userID": 1, "req": {"lastSyncAt":"2026-04-15T16:18:57.369221+08:00"}}
[github.com/flipped-aurora/gin-vue-admin/server]2026-04-17 14:08:15.254	[34minfo[0m	/Users/charles/Documents/back/gin-vue-admin/server/api/v1/starNote/note_model.go:745	SyncUserNotesPush request	{"userID": 1, "req": {"notes":{"upserts":[],"deletedIds":[]},"categories":{"upserts":[],"deletedIds":[22,20,19]},"colors":{"upserts":[],"deletedIds":[]}}}
[github.com/flipped-aurora/gin-vue-admin/server]2026-04-17 15:09:26.796	[34minfo[0m	/Users/charles/Documents/back/gin-vue-admin/server/initialize/gorm.go:86	register table success
[github.com/flipped-aurora/gin-vue-admin/server]2026-04-17 15:09:26.798	[34minfo[0m	/Users/charles/Documents/back/gin-vue-admin/server/initialize/router.go:93	register swagger handler
[github.com/flipped-aurora/gin-vue-admin/server]2026-04-17 15:09:26.803	[34minfo[0m	/Users/charles/Documents/back/gin-vue-admin/server/initialize/router.go:147	router register success
[github.com/flipped-aurora/gin-vue-admin/server]2026-04-17 17:23:42.109	[34minfo[0m	/Users/charles/Documents/back/gin-vue-admin/server/initialize/gorm.go:86	register table success
[github.com/flipped-aurora/gin-vue-admin/server]2026-04-17 17:23:42.109	[34minfo[0m	/Users/charles/Documents/back/gin-vue-admin/server/initialize/router.go:93	register swagger handler
[github.com/flipped-aurora/gin-vue-admin/server]2026-04-17 17:23:42.113	[34minfo[0m	/Users/charles/Documents/back/gin-vue-admin/server/initialize/router.go:147	router register success
[github.com/flipped-aurora/gin-vue-admin/server]2026-04-17 17:23:51.462	[34minfo[0m	/Users/charles/Documents/back/gin-vue-admin/server/initialize/gorm.go:86	register table success
[github.com/flipped-aurora/gin-vue-admin/server]2026-04-17 17:23:51.462	[34minfo[0m	/Users/charles/Documents/back/gin-vue-admin/server/initialize/router.go:93	register swagger handler
[github.com/flipped-aurora/gin-vue-admin/server]2026-04-17 17:23:51.467	[34minfo[0m	/Users/charles/Documents/back/gin-vue-admin/server/initialize/router.go:147	router register success
[github.com/flipped-aurora/gin-vue-admin/server]2026-04-17 17:26:07.371	[34minfo[0m	/Users/charles/Documents/back/gin-vue-admin/server/initialize/gorm.go:86	register table success
[github.com/flipped-aurora/gin-vue-admin/server]2026-04-17 17:26:07.371	[34minfo[0m	/Users/charles/Documents/back/gin-vue-admin/server/initialize/router.go:93	register swagger handler
[github.com/flipped-aurora/gin-vue-admin/server]2026-04-17 17:26:07.377	[34minfo[0m	/Users/charles/Documents/back/gin-vue-admin/server/initialize/router.go:147	router register success
[github.com/flipped-aurora/gin-vue-admin/server]2026-04-17 17:26:50.534	[34minfo[0m	/Users/charles/Documents/back/gin-vue-admin/server/initialize/gorm.go:86	register table success
[github.com/flipped-aurora/gin-vue-admin/server]2026-04-17 17:26:50.534	[34minfo[0m	/Users/charles/Documents/back/gin-vue-admin/server/initialize/router.go:93	register swagger handler
[github.com/flipped-aurora/gin-vue-admin/server]2026-04-17 17:26:50.538	[34minfo[0m	/Users/charles/Documents/back/gin-vue-admin/server/initialize/router.go:147	router register success
[github.com/flipped-aurora/gin-vue-admin/server]2026-04-17 17:27:31.884	[34minfo[0m	/Users/charles/Documents/back/gin-vue-admin/server/initialize/gorm.go:86	register table success
[github.com/flipped-aurora/gin-vue-admin/server]2026-04-17 17:27:31.884	[34minfo[0m	/Users/charles/Documents/back/gin-vue-admin/server/initialize/router.go:93	register swagger handler
[github.com/flipped-aurora/gin-vue-admin/server]2026-04-17 17:27:31.888	[34minfo[0m	/Users/charles/Documents/back/gin-vue-admin/server/initialize/router.go:147	router register success
[github.com/flipped-aurora/gin-vue-admin/server]2026-04-17 17:28:01.543	[34minfo[0m	/Users/charles/Documents/back/gin-vue-admin/server/initialize/gorm.go:86	register table success
[github.com/flipped-aurora/gin-vue-admin/server]2026-04-17 17:28:01.544	[34minfo[0m	/Users/charles/Documents/back/gin-vue-admin/server/initialize/router.go:93	register swagger handler
[github.com/flipped-aurora/gin-vue-admin/server]2026-04-17 17:28:01.548	[34minfo[0m	/Users/charles/Documents/back/gin-vue-admin/server/initialize/router.go:147	router register success
[github.com/flipped-aurora/gin-vue-admin/server]2026-04-17 17:28:57.831	[34minfo[0m	/Users/charles/Documents/back/gin-vue-admin/server/initialize/gorm.go:86	register table success
[github.com/flipped-aurora/gin-vue-admin/server]2026-04-17 17:28:57.831	[34minfo[0m	/Users/charles/Documents/back/gin-vue-admin/server/initialize/router.go:93	register swagger handler
[github.com/flipped-aurora/gin-vue-admin/server]2026-04-17 17:28:57.835	[34minfo[0m	/Users/charles/Documents/back/gin-vue-admin/server/initialize/router.go:147	router register success
[github.com/flipped-aurora/gin-vue-admin/server]2026-04-17 17:29:18.225	[34minfo[0m	/Users/charles/Documents/back/gin-vue-admin/server/initialize/gorm.go:86	register table success
[github.com/flipped-aurora/gin-vue-admin/server]2026-04-17 17:29:18.226	[34minfo[0m	/Users/charles/Documents/back/gin-vue-admin/server/initialize/router.go:93	register swagger handler
[github.com/flipped-aurora/gin-vue-admin/server]2026-04-17 17:29:18.229	[34minfo[0m	/Users/charles/Documents/back/gin-vue-admin/server/initialize/router.go:147	router register success
[github.com/flipped-aurora/gin-vue-admin/server]2026-04-17 17:30:10.543	[34minfo[0m	/Users/charles/Documents/back/gin-vue-admin/server/initialize/gorm.go:86	register table success
[github.com/flipped-aurora/gin-vue-admin/server]2026-04-17 17:30:10.544	[34minfo[0m	/Users/charles/Documents/back/gin-vue-admin/server/initialize/router.go:93	register swagger handler
[github.com/flipped-aurora/gin-vue-admin/server]2026-04-17 17:30:10.547	[34minfo[0m	/Users/charles/Documents/back/gin-vue-admin/server/initialize/router.go:147	router register success
[github.com/flipped-aurora/gin-vue-admin/server]2026-04-17 17:30:35.299	[34minfo[0m	/Users/charles/Documents/back/gin-vue-admin/server/initialize/gorm.go:86	register table success
[github.com/flipped-aurora/gin-vue-admin/server]2026-04-17 17:30:35.299	[34minfo[0m	/Users/charles/Documents/back/gin-vue-admin/server/initialize/router.go:93	register swagger handler
[github.com/flipped-aurora/gin-vue-admin/server]2026-04-17 17:30:35.303	[34minfo[0m	/Users/charles/Documents/back/gin-vue-admin/server/initialize/router.go:147	router register success
[github.com/flipped-aurora/gin-vue-admin/server]2026-04-17 18:10:51.901	[34minfo[0m	/Users/charles/Documents/back/gin-vue-admin/server/initialize/gorm.go:86	register table success
[github.com/flipped-aurora/gin-vue-admin/server]2026-04-17 18:10:51.901	[34minfo[0m	/Users/charles/Documents/back/gin-vue-admin/server/initialize/router.go:93	register swagger handler
[github.com/flipped-aurora/gin-vue-admin/server]2026-04-17 18:10:51.905	[34minfo[0m	/Users/charles/Documents/back/gin-vue-admin/server/initialize/router.go:147	router register success
[github.com/flipped-aurora/gin-vue-admin/server]2026-04-17 18:11:36.328	[34minfo[0m	/Users/charles/Documents/back/gin-vue-admin/server/initialize/gorm.go:86	register table success
[github.com/flipped-aurora/gin-vue-admin/server]2026-04-17 18:11:36.329	[34minfo[0m	/Users/charles/Documents/back/gin-vue-admin/server/initialize/router.go:93	register swagger handler
[github.com/flipped-aurora/gin-vue-admin/server]2026-04-17 18:11:36.332	[34minfo[0m	/Users/charles/Documents/back/gin-vue-admin/server/initialize/router.go:147	router register success
