[github.com/flipped-aurora/gin-vue-admin/server]2026-04-13 15:12:20.935	[31merror[0m	/Users/charles/Documents/notepad/gin-vue-admin/server/api/v1/starNote/note_category.go:348	删除失败!	{"error": "record not found"}
github.com/flipped-aurora/gin-vue-admin/server/api/v1/starNote.(*NoteCategoryApi).DeleteUserNoteCategory
	/Users/charles/Documents/notepad/gin-vue-admin/server/api/v1/starNote/note_category.go:348
github.com/gin-gonic/gin.(*Context).Next
	/Users/charles/go/pkg/mod/github.com/gin-gonic/gin@v1.10.0/context.go:185
github.com/flipped-aurora/gin-vue-admin/server/router/starNote.(*NoteCategoryRouter).InitNoteCategoryRouter.JWTAuthHeaderOnlyRest.func2
	/Users/charles/Documents/notepad/gin-vue-admin/server/middleware/jwt.go:123
github.com/gin-gonic/gin.(*Context).Next
	/Users/charles/go/pkg/mod/github.com/gin-gonic/gin@v1.10.0/context.go:185
github.com/gin-gonic/gin.LoggerWithConfig.func1
	/Users/charles/go/pkg/mod/github.com/gin-gonic/gin@v1.10.0/logger.go:249
github.com/gin-gonic/gin.(*Context).Next
	/Users/charles/go/pkg/mod/github.com/gin-gonic/gin@v1.10.0/context.go:185
github.com/flipped-aurora/gin-vue-admin/server/initialize.Routers.GinRecovery.func7
	/Users/charles/Documents/notepad/gin-vue-admin/server/middleware/error.go:78
github.com/gin-gonic/gin.(*Context).Next
	/Users/charles/go/pkg/mod/github.com/gin-gonic/gin@v1.10.0/context.go:185
github.com/gin-gonic/gin.(*Engine).handleHTTPRequest
	/Users/charles/go/pkg/mod/github.com/gin-gonic/gin@v1.10.0/gin.go:633
github.com/gin-gonic/gin.(*Engine).ServeHTTP
	/Users/charles/go/pkg/mod/github.com/gin-gonic/gin@v1.10.0/gin.go:589
net/http.serverHandler.ServeHTTP
	/Applications/ServBay/package/go/1.24/1.24.3/src/net/http/server.go:3301
net/http.(*conn).serve
	/Applications/ServBay/package/go/1.24/1.24.3/src/net/http/server.go:2102
[github.com/flipped-aurora/gin-vue-admin/server]2026-04-13 16:16:34.960	[31merror[0m	/Users/charles/Documents/notepad/gin-vue-admin/server/api/v1/starNote/note_model.go:730	SyncUserNotesPush bind error	{"userID": 1, "error": "parsing time \"2026-04-01T15:30:00.000\" as \"2006-01-02T15:04:05Z07:00\": cannot parse \"\" as \"Z07:00\""}
github.com/flipped-aurora/gin-vue-admin/server/api/v1/starNote.(*NoteModelApi).SyncUserNotesPush
	/Users/charles/Documents/notepad/gin-vue-admin/server/api/v1/starNote/note_model.go:730
github.com/gin-gonic/gin.(*Context).Next
	/Users/charles/go/pkg/mod/github.com/gin-gonic/gin@v1.10.0/context.go:185
github.com/flipped-aurora/gin-vue-admin/server/router/starNote.(*NoteModelRouter).InitNoteModelRouter.JWTAuthHeaderOnlyRest.func2
	/Users/charles/Documents/notepad/gin-vue-admin/server/middleware/jwt.go:123
github.com/gin-gonic/gin.(*Context).Next
	/Users/charles/go/pkg/mod/github.com/gin-gonic/gin@v1.10.0/context.go:185
github.com/gin-gonic/gin.LoggerWithConfig.func1
	/Users/charles/go/pkg/mod/github.com/gin-gonic/gin@v1.10.0/logger.go:249
github.com/gin-gonic/gin.(*Context).Next
	/Users/charles/go/pkg/mod/github.com/gin-gonic/gin@v1.10.0/context.go:185
github.com/flipped-aurora/gin-vue-admin/server/initialize.Routers.GinRecovery.func7
	/Users/charles/Documents/notepad/gin-vue-admin/server/middleware/error.go:78
github.com/gin-gonic/gin.(*Context).Next
	/Users/charles/go/pkg/mod/github.com/gin-gonic/gin@v1.10.0/context.go:185
github.com/gin-gonic/gin.(*Engine).handleHTTPRequest
	/Users/charles/go/pkg/mod/github.com/gin-gonic/gin@v1.10.0/gin.go:633
github.com/gin-gonic/gin.(*Engine).ServeHTTP
	/Users/charles/go/pkg/mod/github.com/gin-gonic/gin@v1.10.0/gin.go:589
net/http.serverHandler.ServeHTTP
	/Applications/ServBay/package/go/1.24/1.24.3/src/net/http/server.go:3301
net/http.(*conn).serve
	/Applications/ServBay/package/go/1.24/1.24.3/src/net/http/server.go:2102
[github.com/flipped-aurora/gin-vue-admin/server]2026-04-13 16:41:22.088	[31merror[0m	/Users/charles/Documents/notepad/gin-vue-admin/server/api/v1/starNote/note_model.go:642	润色失败!	{"error": "Param Incorrect"}
github.com/flipped-aurora/gin-vue-admin/server/api/v1/starNote.(*NoteModelApi).PolishUserNoteText
	/Users/charles/Documents/notepad/gin-vue-admin/server/api/v1/starNote/note_model.go:642
github.com/gin-gonic/gin.(*Context).Next
	/Users/charles/go/pkg/mod/github.com/gin-gonic/gin@v1.10.0/context.go:185
github.com/flipped-aurora/gin-vue-admin/server/router/starNote.(*NoteModelRouter).InitNoteModelRouter.JWTAuthHeaderOnlyRest.func2
	/Users/charles/Documents/notepad/gin-vue-admin/server/middleware/jwt.go:123
github.com/gin-gonic/gin.(*Context).Next
	/Users/charles/go/pkg/mod/github.com/gin-gonic/gin@v1.10.0/context.go:185
github.com/gin-gonic/gin.LoggerWithConfig.func1
	/Users/charles/go/pkg/mod/github.com/gin-gonic/gin@v1.10.0/logger.go:249
github.com/gin-gonic/gin.(*Context).Next
	/Users/charles/go/pkg/mod/github.com/gin-gonic/gin@v1.10.0/context.go:185
github.com/flipped-aurora/gin-vue-admin/server/initialize.Routers.GinRecovery.func7
	/Users/charles/Documents/notepad/gin-vue-admin/server/middleware/error.go:78
github.com/gin-gonic/gin.(*Context).Next
	/Users/charles/go/pkg/mod/github.com/gin-gonic/gin@v1.10.0/context.go:185
github.com/gin-gonic/gin.(*Engine).handleHTTPRequest
	/Users/charles/go/pkg/mod/github.com/gin-gonic/gin@v1.10.0/gin.go:633
github.com/gin-gonic/gin.(*Engine).ServeHTTP
	/Users/charles/go/pkg/mod/github.com/gin-gonic/gin@v1.10.0/gin.go:589
net/http.serverHandler.ServeHTTP
	/Applications/ServBay/package/go/1.24/1.24.3/src/net/http/server.go:3301
net/http.(*conn).serve
	/Applications/ServBay/package/go/1.24/1.24.3/src/net/http/server.go:2102
[github.com/flipped-aurora/gin-vue-admin/server]2026-04-13 16:41:24.892	[31merror[0m	/Users/charles/Documents/notepad/gin-vue-admin/server/api/v1/starNote/note_model.go:642	润色失败!	{"error": "Param Incorrect"}
github.com/flipped-aurora/gin-vue-admin/server/api/v1/starNote.(*NoteModelApi).PolishUserNoteText
	/Users/charles/Documents/notepad/gin-vue-admin/server/api/v1/starNote/note_model.go:642
github.com/gin-gonic/gin.(*Context).Next
	/Users/charles/go/pkg/mod/github.com/gin-gonic/gin@v1.10.0/context.go:185
github.com/flipped-aurora/gin-vue-admin/server/router/starNote.(*NoteModelRouter).InitNoteModelRouter.JWTAuthHeaderOnlyRest.func2
	/Users/charles/Documents/notepad/gin-vue-admin/server/middleware/jwt.go:123
github.com/gin-gonic/gin.(*Context).Next
	/Users/charles/go/pkg/mod/github.com/gin-gonic/gin@v1.10.0/context.go:185
github.com/gin-gonic/gin.LoggerWithConfig.func1
	/Users/charles/go/pkg/mod/github.com/gin-gonic/gin@v1.10.0/logger.go:249
github.com/gin-gonic/gin.(*Context).Next
	/Users/charles/go/pkg/mod/github.com/gin-gonic/gin@v1.10.0/context.go:185
github.com/flipped-aurora/gin-vue-admin/server/initialize.Routers.GinRecovery.func7
	/Users/charles/Documents/notepad/gin-vue-admin/server/middleware/error.go:78
github.com/gin-gonic/gin.(*Context).Next
	/Users/charles/go/pkg/mod/github.com/gin-gonic/gin@v1.10.0/context.go:185
github.com/gin-gonic/gin.(*Engine).handleHTTPRequest
	/Users/charles/go/pkg/mod/github.com/gin-gonic/gin@v1.10.0/gin.go:633
github.com/gin-gonic/gin.(*Engine).ServeHTTP
	/Users/charles/go/pkg/mod/github.com/gin-gonic/gin@v1.10.0/gin.go:589
net/http.serverHandler.ServeHTTP
	/Applications/ServBay/package/go/1.24/1.24.3/src/net/http/server.go:3301
net/http.(*conn).serve
	/Applications/ServBay/package/go/1.24/1.24.3/src/net/http/server.go:2102
