[github.com/flipped-aurora/gin-vue-admin/server]2026-04-13 14:03:33.967	[34minfo[0m	/Users/charles/Documents/notepad/gin-vue-admin/server/initialize/gorm.go:86	register table success
[github.com/flipped-aurora/gin-vue-admin/server]2026-04-13 14:03:33.968	[34minfo[0m	/Users/charles/Documents/notepad/gin-vue-admin/server/initialize/router.go:93	register swagger handler
[github.com/flipped-aurora/gin-vue-admin/server]2026-04-13 14:03:33.974	[34minfo[0m	/Users/charles/Documents/notepad/gin-vue-admin/server/initialize/router.go:147	router register success
[github.com/flipped-aurora/gin-vue-admin/server]2026-04-13 14:04:05.338	[34minfo[0m	/Users/charles/Documents/notepad/gin-vue-admin/server/initialize/gorm.go:86	register table success
[github.com/flipped-aurora/gin-vue-admin/server]2026-04-13 14:04:05.339	[34minfo[0m	/Users/charles/Documents/notepad/gin-vue-admin/server/initialize/router.go:93	register swagger handler
[github.com/flipped-aurora/gin-vue-admin/server]2026-04-13 14:04:05.342	[34minfo[0m	/Users/charles/Documents/notepad/gin-vue-admin/server/initialize/router.go:147	router register success
[github.com/flipped-aurora/gin-vue-admin/server]2026-04-13 14:04:24.143	[34minfo[0m	/Users/charles/Documents/notepad/gin-vue-admin/server/initialize/gorm.go:86	register table success
[github.com/flipped-aurora/gin-vue-admin/server]2026-04-13 14:04:24.144	[34minfo[0m	/Users/charles/Documents/notepad/gin-vue-admin/server/initialize/router.go:93	register swagger handler
[github.com/flipped-aurora/gin-vue-admin/server]2026-04-13 14:04:24.148	[34minfo[0m	/Users/charles/Documents/notepad/gin-vue-admin/server/initialize/router.go:147	router register success
[github.com/flipped-aurora/gin-vue-admin/server]2026-04-13 14:04:31.466	[34minfo[0m	/Users/charles/Documents/notepad/gin-vue-admin/server/initialize/gorm.go:86	register table success
[github.com/flipped-aurora/gin-vue-admin/server]2026-04-13 14:04:31.467	[34minfo[0m	/Users/charles/Documents/notepad/gin-vue-admin/server/initialize/router.go:93	register swagger handler
[github.com/flipped-aurora/gin-vue-admin/server]2026-04-13 14:04:31.470	[34minfo[0m	/Users/charles/Documents/notepad/gin-vue-admin/server/initialize/router.go:147	router register success
[github.com/flipped-aurora/gin-vue-admin/server]2026-04-13 15:43:35.152	[34minfo[0m	/Users/charles/Documents/notepad/gin-vue-admin/server/initialize/gorm.go:86	register table success
[github.com/flipped-aurora/gin-vue-admin/server]2026-04-13 15:43:35.153	[34minfo[0m	/Users/charles/Documents/notepad/gin-vue-admin/server/initialize/router.go:93	register swagger handler
[github.com/flipped-aurora/gin-vue-admin/server]2026-04-13 15:43:35.156	[34minfo[0m	/Users/charles/Documents/notepad/gin-vue-admin/server/initialize/router.go:147	router register success
[github.com/flipped-aurora/gin-vue-admin/server]2026-04-13 15:43:45.459	[34minfo[0m	/Users/charles/Documents/notepad/gin-vue-admin/server/initialize/gorm.go:86	register table success
[github.com/flipped-aurora/gin-vue-admin/server]2026-04-13 15:43:45.460	[34minfo[0m	/Users/charles/Documents/notepad/gin-vue-admin/server/initialize/router.go:93	register swagger handler
[github.com/flipped-aurora/gin-vue-admin/server]2026-04-13 15:43:45.463	[34minfo[0m	/Users/charles/Documents/notepad/gin-vue-admin/server/initialize/router.go:147	router register success
[github.com/flipped-aurora/gin-vue-admin/server]2026-04-13 15:48:17.843	[34minfo[0m	/Users/charles/Documents/notepad/gin-vue-admin/server/initialize/gorm.go:86	register table success
[github.com/flipped-aurora/gin-vue-admin/server]2026-04-13 15:48:17.844	[34minfo[0m	/Users/charles/Documents/notepad/gin-vue-admin/server/initialize/router.go:93	register swagger handler
[github.com/flipped-aurora/gin-vue-admin/server]2026-04-13 15:48:17.847	[34minfo[0m	/Users/charles/Documents/notepad/gin-vue-admin/server/initialize/router.go:147	router register success
[github.com/flipped-aurora/gin-vue-admin/server]2026-04-13 15:48:57.384	[34minfo[0m	/Users/charles/Documents/notepad/gin-vue-admin/server/initialize/gorm.go:86	register table success
[github.com/flipped-aurora/gin-vue-admin/server]2026-04-13 15:48:57.384	[34minfo[0m	/Users/charles/Documents/notepad/gin-vue-admin/server/initialize/router.go:93	register swagger handler
[github.com/flipped-aurora/gin-vue-admin/server]2026-04-13 15:48:57.389	[34minfo[0m	/Users/charles/Documents/notepad/gin-vue-admin/server/initialize/router.go:147	router register success
[github.com/flipped-aurora/gin-vue-admin/server]2026-04-13 16:14:04.120	[34minfo[0m	/Users/charles/Documents/notepad/gin-vue-admin/server/initialize/gorm.go:86	register table success
[github.com/flipped-aurora/gin-vue-admin/server]2026-04-13 16:14:04.121	[34minfo[0m	/Users/charles/Documents/notepad/gin-vue-admin/server/initialize/router.go:93	register swagger handler
[github.com/flipped-aurora/gin-vue-admin/server]2026-04-13 16:14:04.127	[34minfo[0m	/Users/charles/Documents/notepad/gin-vue-admin/server/initialize/router.go:147	router register success
[github.com/flipped-aurora/gin-vue-admin/server]2026-04-13 16:14:23.400	[34minfo[0m	/Users/charles/Documents/notepad/gin-vue-admin/server/initialize/gorm.go:86	register table success
[github.com/flipped-aurora/gin-vue-admin/server]2026-04-13 16:14:23.400	[34minfo[0m	/Users/charles/Documents/notepad/gin-vue-admin/server/initialize/router.go:93	register swagger handler
[github.com/flipped-aurora/gin-vue-admin/server]2026-04-13 16:14:23.406	[34minfo[0m	/Users/charles/Documents/notepad/gin-vue-admin/server/initialize/router.go:147	router register success
[github.com/flipped-aurora/gin-vue-admin/server]2026-04-13 16:14:46.950	[34minfo[0m	/Users/charles/Documents/notepad/gin-vue-admin/server/api/v1/starNote/note_model.go:677	SyncUserNotesPull request	{"userID": 1, "req": {"lastSyncAt":null}}
[github.com/flipped-aurora/gin-vue-admin/server]2026-04-13 16:16:28.192	[34minfo[0m	/Users/charles/Documents/notepad/gin-vue-admin/server/initialize/gorm.go:86	register table success
[github.com/flipped-aurora/gin-vue-admin/server]2026-04-13 16:16:28.193	[34minfo[0m	/Users/charles/Documents/notepad/gin-vue-admin/server/initialize/router.go:93	register swagger handler
[github.com/flipped-aurora/gin-vue-admin/server]2026-04-13 16:16:28.198	[34minfo[0m	/Users/charles/Documents/notepad/gin-vue-admin/server/initialize/router.go:147	router register success
[github.com/flipped-aurora/gin-vue-admin/server]2026-04-13 16:16:34.636	[34minfo[0m	/Users/charles/Documents/notepad/gin-vue-admin/server/api/v1/starNote/note_model.go:678	SyncUserNotesPull request	{"userID": 1, "req": {"lastSyncAt":null}}
[github.com/flipped-aurora/gin-vue-admin/server]2026-04-13 16:19:02.714	[34minfo[0m	/Users/charles/Documents/notepad/gin-vue-admin/server/initialize/gorm.go:86	register table success
[github.com/flipped-aurora/gin-vue-admin/server]2026-04-13 16:19:02.716	[34minfo[0m	/Users/charles/Documents/notepad/gin-vue-admin/server/initialize/router.go:93	register swagger handler
[github.com/flipped-aurora/gin-vue-admin/server]2026-04-13 16:19:02.719	[34minfo[0m	/Users/charles/Documents/notepad/gin-vue-admin/server/initialize/router.go:147	router register success
[github.com/flipped-aurora/gin-vue-admin/server]2026-04-13 16:28:34.477	[34minfo[0m	/Users/charles/Documents/notepad/gin-vue-admin/server/api/v1/starNote/note_model.go:681	SyncUserNotesPull request	{"userID": 1, "req": {"lastSyncAt":null}}
[github.com/flipped-aurora/gin-vue-admin/server]2026-04-13 16:28:34.728	[34minfo[0m	/Users/charles/Documents/notepad/gin-vue-admin/server/api/v1/starNote/note_model.go:741	SyncUserNotesPush request	{"userID": 1, "req": {"upserts":[{"ID":2,"CreatedAt":"0001-01-01T00:00:00Z","UpdatedAt":"0001-01-01T00:00:00Z","userID":null,"userName":null,"categoryID":1,"title":"我的第一条","content":"<p>hello</p>","isTop":false,"remind":false,"color":"#d4a5a5","icon":"icon-jianshenfang","isHighlight":false,"recordedAt":null},{"ID":7,"CreatedAt":"0001-01-01T00:00:00Z","UpdatedAt":"0001-01-01T00:00:00Z","userID":null,"userName":null,"categoryID":1,"title":"...","content":"...","isTop":true,"remind":false,"color":"#E5E7EB","icon":"iconfont icon-xxx","isHighlight":true,"recordedAt":"2026-04-01T15:30:00+08:00"},{"ID":9,"CreatedAt":"0001-01-01T00:00:00Z","UpdatedAt":"0001-01-01T00:00:00Z","userID":null,"userName":null,"categoryID":1,"title":"内窥镜","content":"<span style=\"color:#FF81C784\">打算来</span><span style=\"color:#FF81C784\"><u>得</u></span><span style=\"color:#FF81C784\">及卢卡斯</span><span style=\"color:#FF81C784\"><i>决</i></span><span style=\"color:#FF81C784\">定离开</span><br>\n<br>\n<br>\n<br>\n<span style=\"color:#FF81C784\">阿</span><span style=\"color:#FF81C784\"><i><b>斯</b></i></span><span style=\"color:#FF81C784\">打死的</span><br>\n","isTop":true,"remind":false,"color":"#c8d8a8","icon":"iconfont icon-search","isHighlight":true,"recordedAt":"2026-04-01T15:21:06+08:00"},{"ID":0,"CreatedAt":"0001-01-01T00:00:00Z","UpdatedAt":"0001-01-01T00:00:00Z","userID":null,"userName":null,"categoryID":null,"title":"你发你发你","content":"没打卡打卡<br>\n","isTop":true,"remind":true,"color":"#a8d8d8","icon":"iconfont icon-bangzhu","isHighlight":true,"recordedAt":"2026-04-08T17:43:10+08:00"},{"ID":0,"CreatedAt":"0001-01-01T00:00:00Z","UpdatedAt":"0001-01-01T00:00:00Z","userID":null,"userName":null,"categoryID":null,"title":"你发你发你","content":"没打卡打卡<br>\n","isTop":true,"remind":true,"color":"#a8d8d8","icon":"iconfont icon-bangzhu","isHighlight":true,"recordedAt":"2026-04-08T17:44:00+08:00"},{"ID":0,"CreatedAt":"0001-01-01T00:00:00Z","UpdatedAt":"0001-01-01T00:00:00Z","userID":null,"userName":null,"categoryID":null,"title":"校园困扰记录","content":"<p>近期，我的同桌持续对我表现出不友善的行为，包括言语和行动上的欺负，并时常施加压力，让我感到困扰和不安。</p>","isTop":false,"remind":false,"color":"#4e80ee","icon":"iconfont icon-coffee","isHighlight":false,"recordedAt":"2026-04-11T14:27:58+08:00"}],"deletedIds":[]}}
[github.com/flipped-aurora/gin-vue-admin/server]2026-04-13 16:32:58.060	[34minfo[0m	/Users/charles/Documents/notepad/gin-vue-admin/server/api/v1/starNote/note_model.go:681	SyncUserNotesPull request	{"userID": 1, "req": {"lastSyncAt":null}}
[github.com/flipped-aurora/gin-vue-admin/server]2026-04-13 16:43:11.596	[34minfo[0m	/Users/charles/Documents/notepad/gin-vue-admin/server/api/v1/starNote/note_model.go:681	SyncUserNotesPull request	{"userID": 1, "req": {"lastSyncAt":null}}
[github.com/flipped-aurora/gin-vue-admin/server]2026-04-13 16:43:11.620	[34minfo[0m	/Users/charles/Documents/notepad/gin-vue-admin/server/api/v1/starNote/note_model.go:741	SyncUserNotesPush request	{"userID": 1, "req": {"upserts":[{"ID":0,"CreatedAt":"0001-01-01T00:00:00Z","UpdatedAt":"0001-01-01T00:00:00Z","userID":null,"userName":null,"categoryID":1,"title":"随机内容生成示例与详细说明文档","content":"<p>本文档旨在提供一个内容丰富、结构清晰的随机内容生成示例，涵盖多个主题和段落，以满足字数要求并展示文本生成的多样性。首先，我们从一个引人入胜的开头开始：想象一个充满无限可能的世界，在那里，每一个想法都能转化为生动的文字，每一段叙述都能激发读者的好奇心。这不仅仅是随机内容的堆砌，而是通过精心设计的逻辑流，将看似无关的元素串联成一个连贯的整体。例如，我们可以探讨自然界的奇妙现象，如季节的更替、星辰的运行，或者人类社会的复杂互动，如文化交流、科技发展。这些主题交织在一起，形成一个丰富的叙事网络。接下来，让我们深入一个具体场景：在一个宁静的午后，阳光透过树叶洒下斑驳的光影，一位旅行者漫步在古老的街道上，观察着周围的人们。他们有的在交谈，有的在沉思，有的在忙碌，这反映了生活的多样性和不可预测性。通过这样的描述，我们不仅增加了内容的长度，还增强了其生动性和代入感。随后，我们可以转向更抽象的概念，比如时间的流逝如何影响记忆，或者梦想与现实的差距如何塑造个人成长。这些思考有助于深化内容的层次，使其不仅仅停留在表面。为了进一步扩展，我们加入一些数据或假设性例子：假设在一个虚构的城市中，人口增长导致资源分配的挑战，这引发了关于可持续发展的讨论。或者，考虑一个科学实验，其中随机变量被用来模拟真实世界的不确定性，从而展示概率论的应用。这些元素使内容更具教育意义和趣味性。此外，我们还可以融入文化引用，如引用经典文学中的片段，或提及历史事件，以增添深度和广度。例如，莎士比亚的戏剧中充满了对人性的探讨，这可以与现代心理学理论相呼应。在技术层面，我们可以讨论人工智能如何生成随机内容，但强调人类创意的不可替代性。这引出了一个更广泛的哲学问题：在算法时代，原创性意味着什么？通过这些问题的探讨，内容不仅丰富，还具有启发性。最后，我们以一个开放式的结尾收尾：无论未来如何发展，文字的力量始终在于连接人与思想，激发无限的想象。希望这个示例能为您提供灵感，并鼓励您探索更多随机内容的可能性。总之，通过多角度、多层次的叙述，我们成功地创建了一个字数充足、内容多样的文本，既满足了要求，又保持了可读性和吸引力。</p>","isTop":false,"remind":false,"color":"#a8d8d8","icon":"iconfont icon-sun","isHighlight":true,"recordedAt":"2026-04-13T16:37:33+08:00"}],"deletedIds":[]}}
[github.com/flipped-aurora/gin-vue-admin/server]2026-04-13 19:16:52.653	[34minfo[0m	/Users/charles/Documents/notepad/gin-vue-admin/server/api/v1/starNote/note_model.go:681	SyncUserNotesPull request	{"userID": 1, "req": {"lastSyncAt":null}}
[github.com/flipped-aurora/gin-vue-admin/server]2026-04-13 19:17:07.419	[34minfo[0m	/Users/charles/Documents/notepad/gin-vue-admin/server/api/v1/starNote/note_model.go:681	SyncUserNotesPull request	{"userID": 1, "req": {"lastSyncAt":null}}
[github.com/flipped-aurora/gin-vue-admin/server]2026-04-13 19:22:52.447	[34minfo[0m	/Users/charles/Documents/notepad/gin-vue-admin/server/api/v1/starNote/note_model.go:681	SyncUserNotesPull request	{"userID": 1, "req": {"lastSyncAt":null}}
[github.com/flipped-aurora/gin-vue-admin/server]2026-04-13 19:22:52.635	[34minfo[0m	/Users/charles/Documents/notepad/gin-vue-admin/server/api/v1/starNote/note_model.go:741	SyncUserNotesPush request	{"userID": 1, "req": {"upserts":[{"ID":0,"CreatedAt":"0001-01-01T00:00:00Z","UpdatedAt":"0001-01-01T00:00:00Z","userID":null,"userName":null,"categoryID":1,"title":"无意义文章示例","content":"<p>这是一个无意义的文章示例，用于测试生成效果。文章内容可能包含随机词汇和句子，但整体缺乏实际意义。请忽略此内容的逻辑性和连贯性。</p>","isTop":true,"remind":false,"color":"#c8d8a8","icon":"iconfont icon-faxian","isHighlight":true,"recordedAt":"2026-04-13T19:19:00+08:00"}],"deletedIds":[]}}
[github.com/flipped-aurora/gin-vue-admin/server]2026-04-13 19:23:26.263	[34minfo[0m	/Users/charles/Documents/notepad/gin-vue-admin/server/api/v1/starNote/note_model.go:681	SyncUserNotesPull request	{"userID": 1, "req": {"lastSyncAt":null}}
[github.com/flipped-aurora/gin-vue-admin/server]2026-04-13 19:23:26.351	[34minfo[0m	/Users/charles/Documents/notepad/gin-vue-admin/server/api/v1/starNote/note_model.go:741	SyncUserNotesPush request	{"userID": 1, "req": {"upserts":[{"ID":0,"CreatedAt":"0001-01-01T00:00:00Z","UpdatedAt":"0001-01-01T00:00:00Z","userID":null,"userName":null,"categoryID":1,"title":"无意义文章示例","content":"<p>这是一个无意义的文章示例，用于测试生成效果。文章内容可能包含随机词汇和句子，但整体缺乏实际意义。请忽略此内容的逻辑性和连贯性。</p>","isTop":true,"remind":false,"color":"#c8d8a8","icon":"iconfont icon-faxian","isHighlight":true,"recordedAt":"2026-04-13T19:19:00+08:00"},{"ID":0,"CreatedAt":"0001-01-01T00:00:00Z","UpdatedAt":"0001-01-01T00:00:00Z","userID":null,"userName":null,"categoryID":1,"title":"无意义内容","content":"<p>用户输入为无意义内容，无法进行有效润色。请提供有意义的文本以供处理。</p>","isTop":false,"remind":false,"color":"#a8d8d8","icon":"iconfont icon-data-statistics","isHighlight":false,"recordedAt":"2026-04-13T19:23:01+08:00"}],"deletedIds":[]}}
[github.com/flipped-aurora/gin-vue-admin/server]2026-04-13 19:30:28.458	[34minfo[0m	/Users/charles/Documents/notepad/gin-vue-admin/server/api/v1/starNote/note_model.go:681	SyncUserNotesPull request	{"userID": 1, "req": {"lastSyncAt":null}}
[github.com/flipped-aurora/gin-vue-admin/server]2026-04-13 19:30:28.562	[34minfo[0m	/Users/charles/Documents/notepad/gin-vue-admin/server/api/v1/starNote/note_model.go:741	SyncUserNotesPush request	{"userID": 1, "req": {"upserts":[{"ID":0,"CreatedAt":"0001-01-01T00:00:00Z","UpdatedAt":"0001-01-01T00:00:00Z","userID":null,"userName":null,"categoryID":1,"title":"无意义内容","content":"<p>用户输入为无意义内容，无法进行有效润色。请提供有意义的文本以供处理。</p>","isTop":false,"remind":false,"color":"#a8d8d8","icon":"iconfont icon-data-statistics","isHighlight":false,"recordedAt":"2026-04-13T19:23:01+08:00"}],"deletedIds":[]}}
