[github.com/flipped-aurora/gin-vue-admin/server]2026-04-14 16:00:55.288	[31merror[0m	/Users/charles/Documents/back/gin-vue-admin/server/api/v1/starNote/note_model.go:673	SyncUserNotesPull bind error	{"userID": 1, "error": "invalid character 'z' looking for beginning of value"}
github.com/flipped-aurora/gin-vue-admin/server/api/v1/starNote.(*NoteModelApi).SyncUserNotesPull
	/Users/charles/Documents/back/gin-vue-admin/server/api/v1/starNote/note_model.go:673
github.com/gin-gonic/gin.(*Context).Next
	/Users/charles/go/pkg/mod/github.com/gin-gonic/gin@v1.10.0/context.go:185
github.com/flipped-aurora/gin-vue-admin/server/router/starNote.(*NoteModelRouter).InitNoteModelRouter.JWTAuthHeaderOnlyRest.func2
	/Users/charles/Documents/back/gin-vue-admin/server/middleware/jwt.go:123
github.com/gin-gonic/gin.(*Context).Next
	/Users/charles/go/pkg/mod/github.com/gin-gonic/gin@v1.10.0/context.go:185
github.com/gin-gonic/gin.LoggerWithConfig.func1
	/Users/charles/go/pkg/mod/github.com/gin-gonic/gin@v1.10.0/logger.go:249
github.com/gin-gonic/gin.(*Context).Next
	/Users/charles/go/pkg/mod/github.com/gin-gonic/gin@v1.10.0/context.go:185
github.com/flipped-aurora/gin-vue-admin/server/initialize.Routers.GinRecovery.func7
	/Users/charles/Documents/back/gin-vue-admin/server/middleware/error.go:78
github.com/gin-gonic/gin.(*Context).Next
	/Users/charles/go/pkg/mod/github.com/gin-gonic/gin@v1.10.0/context.go:185
github.com/gin-gonic/gin.(*Engine).handleHTTPRequest
	/Users/charles/go/pkg/mod/github.com/gin-gonic/gin@v1.10.0/gin.go:633
github.com/gin-gonic/gin.(*Engine).ServeHTTP
	/Users/charles/go/pkg/mod/github.com/gin-gonic/gin@v1.10.0/gin.go:589
net/http.serverHandler.ServeHTTP
	/Applications/ServBay/package/go/1.24/1.24.3/src/net/http/server.go:3301
net/http.(*conn).serve
	/Applications/ServBay/package/go/1.24/1.24.3/src/net/http/server.go:2102
