[github.com/flipped-aurora/gin-vue-admin/server]2026-04-14 09:14:03.862	[34minfo[0m	/Users/charles/Documents/back/gin-vue-admin/server/initialize/gorm.go:86	register table success
[github.com/flipped-aurora/gin-vue-admin/server]2026-04-14 09:14:03.863	[34minfo[0m	/Users/charles/Documents/back/gin-vue-admin/server/initialize/router.go:93	register swagger handler
[github.com/flipped-aurora/gin-vue-admin/server]2026-04-14 09:14:03.869	[34minfo[0m	/Users/charles/Documents/back/gin-vue-admin/server/initialize/router.go:147	router register success
[github.com/flipped-aurora/gin-vue-admin/server]2026-04-14 09:16:15.468	[34minfo[0m	/Users/charles/Documents/back/gin-vue-admin/server/api/v1/starNote/note_model.go:681	SyncUserNotesPull request	{"userID": 1, "req": {"lastSyncAt":null}}
[github.com/flipped-aurora/gin-vue-admin/server]2026-04-14 09:16:18.507	[34minfo[0m	/Users/charles/Documents/back/gin-vue-admin/server/api/v1/starNote/note_model.go:681	SyncUserNotesPull request	{"userID": 1, "req": {"lastSyncAt":null}}
[github.com/flipped-aurora/gin-vue-admin/server]2026-04-14 09:16:41.201	[34minfo[0m	/Users/charles/Documents/back/gin-vue-admin/server/api/v1/starNote/note_model.go:681	SyncUserNotesPull request	{"userID": 1, "req": {"lastSyncAt":null}}
[github.com/flipped-aurora/gin-vue-admin/server]2026-04-14 09:18:03.848	[34minfo[0m	/Users/charles/Documents/back/gin-vue-admin/server/api/v1/starNote/note_model.go:681	SyncUserNotesPull request	{"userID": 1, "req": {"lastSyncAt":null}}
[github.com/flipped-aurora/gin-vue-admin/server]2026-04-14 09:18:17.343	[34minfo[0m	/Users/charles/Documents/back/gin-vue-admin/server/api/v1/starNote/note_model.go:681	SyncUserNotesPull request	{"userID": 1, "req": {"lastSyncAt":null}}
[github.com/flipped-aurora/gin-vue-admin/server]2026-04-14 09:33:15.434	[34minfo[0m	/Users/charles/Documents/back/gin-vue-admin/server/api/v1/starNote/note_model.go:681	SyncUserNotesPull request	{"userID": 1, "req": {"lastSyncAt":null}}
[github.com/flipped-aurora/gin-vue-admin/server]2026-04-14 14:33:55.822	[34minfo[0m	/Users/charles/Documents/back/gin-vue-admin/server/initialize/gorm.go:86	register table success
[github.com/flipped-aurora/gin-vue-admin/server]2026-04-14 14:33:55.823	[34minfo[0m	/Users/charles/Documents/back/gin-vue-admin/server/initialize/router.go:93	register swagger handler
[github.com/flipped-aurora/gin-vue-admin/server]2026-04-14 14:33:55.826	[34minfo[0m	/Users/charles/Documents/back/gin-vue-admin/server/initialize/router.go:147	router register success
[github.com/flipped-aurora/gin-vue-admin/server]2026-04-14 14:34:17.546	[34minfo[0m	/Users/charles/Documents/back/gin-vue-admin/server/initialize/gorm.go:86	register table success
[github.com/flipped-aurora/gin-vue-admin/server]2026-04-14 14:34:17.547	[34minfo[0m	/Users/charles/Documents/back/gin-vue-admin/server/initialize/router.go:93	register swagger handler
[github.com/flipped-aurora/gin-vue-admin/server]2026-04-14 14:34:17.552	[34minfo[0m	/Users/charles/Documents/back/gin-vue-admin/server/initialize/router.go:147	router register success
[github.com/flipped-aurora/gin-vue-admin/server]2026-04-14 14:35:01.871	[34minfo[0m	/Users/charles/Documents/back/gin-vue-admin/server/initialize/gorm.go:86	register table success
[github.com/flipped-aurora/gin-vue-admin/server]2026-04-14 14:35:01.872	[34minfo[0m	/Users/charles/Documents/back/gin-vue-admin/server/initialize/router.go:93	register swagger handler
[github.com/flipped-aurora/gin-vue-admin/server]2026-04-14 14:35:01.875	[34minfo[0m	/Users/charles/Documents/back/gin-vue-admin/server/initialize/router.go:147	router register success
[github.com/flipped-aurora/gin-vue-admin/server]2026-04-14 14:56:48.179	[34minfo[0m	/Users/charles/Documents/back/gin-vue-admin/server/api/v1/starNote/note_model.go:681	SyncUserNotesPull request	{"userID": 1, "req": {"lastSyncAt":null}}
[github.com/flipped-aurora/gin-vue-admin/server]2026-04-14 14:58:16.131	[34minfo[0m	/Users/charles/Documents/back/gin-vue-admin/server/initialize/gorm.go:86	register table success
[github.com/flipped-aurora/gin-vue-admin/server]2026-04-14 14:58:16.131	[34minfo[0m	/Users/charles/Documents/back/gin-vue-admin/server/initialize/router.go:93	register swagger handler
[github.com/flipped-aurora/gin-vue-admin/server]2026-04-14 14:58:16.135	[34minfo[0m	/Users/charles/Documents/back/gin-vue-admin/server/initialize/router.go:147	router register success
[github.com/flipped-aurora/gin-vue-admin/server]2026-04-14 15:01:22.616	[34minfo[0m	/Users/charles/Documents/back/gin-vue-admin/server/api/v1/starNote/note_model.go:681	SyncUserNotesPull request	{"userID": 1, "req": {"lastSyncAt":null}}
[github.com/flipped-aurora/gin-vue-admin/server]2026-04-14 15:01:28.996	[34minfo[0m	/Users/charles/Documents/back/gin-vue-admin/server/api/v1/starNote/note_model.go:681	SyncUserNotesPull request	{"userID": 1, "req": {"lastSyncAt":null}}
[github.com/flipped-aurora/gin-vue-admin/server]2026-04-14 15:01:34.718	[34minfo[0m	/Users/charles/Documents/back/gin-vue-admin/server/api/v1/starNote/note_model.go:681	SyncUserNotesPull request	{"userID": 1, "req": {"lastSyncAt":null}}
[github.com/flipped-aurora/gin-vue-admin/server]2026-04-14 15:01:56.818	[34minfo[0m	/Users/charles/Documents/back/gin-vue-admin/server/api/v1/starNote/note_model.go:681	SyncUserNotesPull request	{"userID": 1, "req": {"lastSyncAt":null}}
[github.com/flipped-aurora/gin-vue-admin/server]2026-04-14 15:10:29.435	[34minfo[0m	/Users/charles/Documents/back/gin-vue-admin/server/api/v1/starNote/note_model.go:681	SyncUserNotesPull request	{"userID": 1, "req": {"lastSyncAt":null}}
[github.com/flipped-aurora/gin-vue-admin/server]2026-04-14 15:29:24.790	[34minfo[0m	/Users/charles/Documents/back/gin-vue-admin/server/api/v1/starNote/note_model.go:681	SyncUserNotesPull request	{"userID": 1, "req": {"lastSyncAt":null}}
[github.com/flipped-aurora/gin-vue-admin/server]2026-04-14 15:29:24.971	[34minfo[0m	/Users/charles/Documents/back/gin-vue-admin/server/api/v1/starNote/note_model.go:745	SyncUserNotesPush request	{"userID": 1, "req": {"notes":{"upserts":[],"deletedIds":[]},"categories":{"upserts":[{"ID":0,"CreatedAt":"2026-04-14T15:28:32+08:00","UpdatedAt":"2026-04-14T15:28:32+08:00","name":"我的刀盾","color":"#b8b8b8","icon":"iconfont icon-checklist","userID":null}],"deletedIds":[]},"colors":{"upserts":[],"deletedIds":[]}}}
[github.com/flipped-aurora/gin-vue-admin/server]2026-04-14 15:29:44.793	[34minfo[0m	/Users/charles/Documents/back/gin-vue-admin/server/api/v1/starNote/note_model.go:681	SyncUserNotesPull request	{"userID": 1, "req": {"lastSyncAt":null}}
[github.com/flipped-aurora/gin-vue-admin/server]2026-04-14 15:29:44.975	[34minfo[0m	/Users/charles/Documents/back/gin-vue-admin/server/api/v1/starNote/note_model.go:745	SyncUserNotesPush request	{"userID": 1, "req": {"notes":{"upserts":[],"deletedIds":[]},"categories":{"upserts":[],"deletedIds":[1]},"colors":{"upserts":[],"deletedIds":[]}}}
[github.com/flipped-aurora/gin-vue-admin/server]2026-04-14 15:30:05.486	[34minfo[0m	/Users/charles/Documents/back/gin-vue-admin/server/api/v1/starNote/note_model.go:681	SyncUserNotesPull request	{"userID": 1, "req": {"lastSyncAt":null}}
[github.com/flipped-aurora/gin-vue-admin/server]2026-04-14 15:30:05.622	[34minfo[0m	/Users/charles/Documents/back/gin-vue-admin/server/api/v1/starNote/note_model.go:745	SyncUserNotesPush request	{"userID": 1, "req": {"notes":{"upserts":[],"deletedIds":[]},"categories":{"upserts":[],"deletedIds":[]},"colors":{"upserts":[],"deletedIds":[]}}}
[github.com/flipped-aurora/gin-vue-admin/server]2026-04-14 15:31:15.040	[34minfo[0m	/Users/charles/Documents/back/gin-vue-admin/server/api/v1/starNote/note_model.go:681	SyncUserNotesPull request	{"userID": 1, "req": {"lastSyncAt":null}}
[github.com/flipped-aurora/gin-vue-admin/server]2026-04-14 15:31:15.566	[34minfo[0m	/Users/charles/Documents/back/gin-vue-admin/server/api/v1/starNote/note_model.go:745	SyncUserNotesPush request	{"userID": 1, "req": {"notes":{"upserts":[],"deletedIds":[]},"categories":{"upserts":[],"deletedIds":[]},"colors":{"upserts":[],"deletedIds":[]}}}
[github.com/flipped-aurora/gin-vue-admin/server]2026-04-14 15:31:31.983	[34minfo[0m	/Users/charles/Documents/back/gin-vue-admin/server/api/v1/starNote/note_model.go:681	SyncUserNotesPull request	{"userID": 1, "req": {"lastSyncAt":null}}
[github.com/flipped-aurora/gin-vue-admin/server]2026-04-14 15:36:00.408	[34minfo[0m	/Users/charles/Documents/back/gin-vue-admin/server/initialize/gorm.go:86	register table success
[github.com/flipped-aurora/gin-vue-admin/server]2026-04-14 15:36:00.409	[34minfo[0m	/Users/charles/Documents/back/gin-vue-admin/server/initialize/router.go:93	register swagger handler
[github.com/flipped-aurora/gin-vue-admin/server]2026-04-14 15:36:00.412	[34minfo[0m	/Users/charles/Documents/back/gin-vue-admin/server/initialize/router.go:147	router register success
[github.com/flipped-aurora/gin-vue-admin/server]2026-04-14 15:37:45.183	[34minfo[0m	/Users/charles/Documents/back/gin-vue-admin/server/api/v1/starNote/note_model.go:681	SyncUserNotesPull request	{"userID": 1, "req": {"lastSyncAt":"2026-04-14T10:00:00+08:00"}}
[github.com/flipped-aurora/gin-vue-admin/server]2026-04-14 15:53:18.189	[34minfo[0m	/Users/charles/Documents/back/gin-vue-admin/server/api/v1/starNote/note_model.go:681	SyncUserNotesPull request	{"userID": 1, "req": {"lastSyncAt":null}}
[github.com/flipped-aurora/gin-vue-admin/server]2026-04-14 15:53:18.779	[34minfo[0m	/Users/charles/Documents/back/gin-vue-admin/server/api/v1/starNote/note_model.go:745	SyncUserNotesPush request	{"userID": 1, "req": {"notes":{"upserts":[],"deletedIds":[]},"categories":{"upserts":[],"deletedIds":[]},"colors":{"upserts":[],"deletedIds":[]}}}
[github.com/flipped-aurora/gin-vue-admin/server]2026-04-14 16:00:59.022	[34minfo[0m	/Users/charles/Documents/back/gin-vue-admin/server/api/v1/starNote/note_model.go:681	SyncUserNotesPull request	{"userID": 1, "req": {"lastSyncAt":null}}
