[github.com/flipped-aurora/gin-vue-admin/server]2026-03-25 15:40:10.079	[31merror[0m	/Users/charles/Documents/notepad/gin-vue-admin/server/api/v1/starNote/user_account.go:67	登录失败!	{"error": "password incorrect"}
github.com/flipped-aurora/gin-vue-admin/server/api/v1/starNote.(*UserAccountApi).Login
	/Users/charles/Documents/notepad/gin-vue-admin/server/api/v1/starNote/user_account.go:67
github.com/gin-gonic/gin.(*Context).Next
	/Users/charles/go/pkg/mod/github.com/gin-gonic/gin@v1.10.0/context.go:185
github.com/gin-gonic/gin.LoggerWithConfig.func1
	/Users/charles/go/pkg/mod/github.com/gin-gonic/gin@v1.10.0/logger.go:249
github.com/gin-gonic/gin.(*Context).Next
	/Users/charles/go/pkg/mod/github.com/gin-gonic/gin@v1.10.0/context.go:185
github.com/flipped-aurora/gin-vue-admin/server/initialize.Routers.GinRecovery.func4
	/Users/charles/Documents/notepad/gin-vue-admin/server/middleware/error.go:78
github.com/gin-gonic/gin.(*Context).Next
	/Users/charles/go/pkg/mod/github.com/gin-gonic/gin@v1.10.0/context.go:185
github.com/gin-gonic/gin.(*Engine).handleHTTPRequest
	/Users/charles/go/pkg/mod/github.com/gin-gonic/gin@v1.10.0/gin.go:633
github.com/gin-gonic/gin.(*Engine).ServeHTTP
	/Users/charles/go/pkg/mod/github.com/gin-gonic/gin@v1.10.0/gin.go:589
net/http.serverHandler.ServeHTTP
	/Applications/ServBay/package/go/1.24/1.24.3/src/net/http/server.go:3301
net/http.(*conn).serve
	/Applications/ServBay/package/go/1.24/1.24.3/src/net/http/server.go:2102
[github.com/flipped-aurora/gin-vue-admin/server]2026-03-25 16:22:35.866	[31merror[0m	/Users/charles/Documents/notepad/gin-vue-admin/server/api/v1/starNote/user_account.go:67	登录失败!	{"error": "record not found"}
github.com/flipped-aurora/gin-vue-admin/server/api/v1/starNote.(*UserAccountApi).Login
	/Users/charles/Documents/notepad/gin-vue-admin/server/api/v1/starNote/user_account.go:67
github.com/gin-gonic/gin.(*Context).Next
	/Users/charles/go/pkg/mod/github.com/gin-gonic/gin@v1.10.0/context.go:185
github.com/gin-gonic/gin.LoggerWithConfig.func1
	/Users/charles/go/pkg/mod/github.com/gin-gonic/gin@v1.10.0/logger.go:249
github.com/gin-gonic/gin.(*Context).Next
	/Users/charles/go/pkg/mod/github.com/gin-gonic/gin@v1.10.0/context.go:185
github.com/flipped-aurora/gin-vue-admin/server/initialize.Routers.GinRecovery.func7
	/Users/charles/Documents/notepad/gin-vue-admin/server/middleware/error.go:78
github.com/gin-gonic/gin.(*Context).Next
	/Users/charles/go/pkg/mod/github.com/gin-gonic/gin@v1.10.0/context.go:185
github.com/gin-gonic/gin.(*Engine).handleHTTPRequest
	/Users/charles/go/pkg/mod/github.com/gin-gonic/gin@v1.10.0/gin.go:633
github.com/gin-gonic/gin.(*Engine).ServeHTTP
	/Users/charles/go/pkg/mod/github.com/gin-gonic/gin@v1.10.0/gin.go:589
net/http.serverHandler.ServeHTTP
	/Applications/ServBay/package/go/1.24/1.24.3/src/net/http/server.go:3301
net/http.(*conn).serve
	/Applications/ServBay/package/go/1.24/1.24.3/src/net/http/server.go:2102
[github.com/flipped-aurora/gin-vue-admin/server]2026-03-25 16:31:42.081	[31merror[0m	/Users/charles/Documents/notepad/gin-vue-admin/server/api/v1/starNote/user_account.go:67	登录失败!	{"error": "password incorrect"}
github.com/flipped-aurora/gin-vue-admin/server/api/v1/starNote.(*UserAccountApi).Login
	/Users/charles/Documents/notepad/gin-vue-admin/server/api/v1/starNote/user_account.go:67
github.com/gin-gonic/gin.(*Context).Next
	/Users/charles/go/pkg/mod/github.com/gin-gonic/gin@v1.10.0/context.go:185
github.com/gin-gonic/gin.LoggerWithConfig.func1
	/Users/charles/go/pkg/mod/github.com/gin-gonic/gin@v1.10.0/logger.go:249
github.com/gin-gonic/gin.(*Context).Next
	/Users/charles/go/pkg/mod/github.com/gin-gonic/gin@v1.10.0/context.go:185
github.com/flipped-aurora/gin-vue-admin/server/initialize.Routers.GinRecovery.func7
	/Users/charles/Documents/notepad/gin-vue-admin/server/middleware/error.go:78
github.com/gin-gonic/gin.(*Context).Next
	/Users/charles/go/pkg/mod/github.com/gin-gonic/gin@v1.10.0/context.go:185
github.com/gin-gonic/gin.(*Engine).handleHTTPRequest
	/Users/charles/go/pkg/mod/github.com/gin-gonic/gin@v1.10.0/gin.go:633
github.com/gin-gonic/gin.(*Engine).ServeHTTP
	/Users/charles/go/pkg/mod/github.com/gin-gonic/gin@v1.10.0/gin.go:589
net/http.serverHandler.ServeHTTP
	/Applications/ServBay/package/go/1.24/1.24.3/src/net/http/server.go:3301
net/http.(*conn).serve
	/Applications/ServBay/package/go/1.24/1.24.3/src/net/http/server.go:2102
