[github.com/flipped-aurora/gin-vue-admin/server]2026-04-07 10:49:05.202	[31merror[0m	/Users/charles/Documents/notepad/gin-vue-admin/server/api/v1/system/sys_user.go:68	登陆失败! 用户名不存在或者密码错误!	{"error": "密码错误"}
github.com/flipped-aurora/gin-vue-admin/server/api/v1/system.(*BaseApi).Login
	/Users/charles/Documents/notepad/gin-vue-admin/server/api/v1/system/sys_user.go:68
github.com/gin-gonic/gin.(*Context).Next
	/Users/charles/go/pkg/mod/github.com/gin-gonic/gin@v1.10.0/context.go:185
github.com/gin-gonic/gin.LoggerWithConfig.func1
	/Users/charles/go/pkg/mod/github.com/gin-gonic/gin@v1.10.0/logger.go:249
github.com/gin-gonic/gin.(*Context).Next
	/Users/charles/go/pkg/mod/github.com/gin-gonic/gin@v1.10.0/context.go:185
github.com/flipped-aurora/gin-vue-admin/server/initialize.Routers.GinRecovery.func7
	/Users/charles/Documents/notepad/gin-vue-admin/server/middleware/error.go:78
github.com/gin-gonic/gin.(*Context).Next
	/Users/charles/go/pkg/mod/github.com/gin-gonic/gin@v1.10.0/context.go:185
github.com/gin-gonic/gin.(*Engine).handleHTTPRequest
	/Users/charles/go/pkg/mod/github.com/gin-gonic/gin@v1.10.0/gin.go:633
github.com/gin-gonic/gin.(*Engine).ServeHTTP
	/Users/charles/go/pkg/mod/github.com/gin-gonic/gin@v1.10.0/gin.go:589
net/http.serverHandler.ServeHTTP
	/Applications/ServBay/package/go/1.24/1.24.3/src/net/http/server.go:3301
net/http.(*conn).serve
	/Applications/ServBay/package/go/1.24/1.24.3/src/net/http/server.go:2102
[github.com/flipped-aurora/gin-vue-admin/server]2026-04-07 10:49:22.446	[31merror[0m	/Users/charles/Documents/notepad/gin-vue-admin/server/api/v1/system/sys_user.go:68	登陆失败! 用户名不存在或者密码错误!	{"error": "密码错误"}
github.com/flipped-aurora/gin-vue-admin/server/api/v1/system.(*BaseApi).Login
	/Users/charles/Documents/notepad/gin-vue-admin/server/api/v1/system/sys_user.go:68
github.com/gin-gonic/gin.(*Context).Next
	/Users/charles/go/pkg/mod/github.com/gin-gonic/gin@v1.10.0/context.go:185
github.com/gin-gonic/gin.LoggerWithConfig.func1
	/Users/charles/go/pkg/mod/github.com/gin-gonic/gin@v1.10.0/logger.go:249
github.com/gin-gonic/gin.(*Context).Next
	/Users/charles/go/pkg/mod/github.com/gin-gonic/gin@v1.10.0/context.go:185
github.com/flipped-aurora/gin-vue-admin/server/initialize.Routers.GinRecovery.func7
	/Users/charles/Documents/notepad/gin-vue-admin/server/middleware/error.go:78
github.com/gin-gonic/gin.(*Context).Next
	/Users/charles/go/pkg/mod/github.com/gin-gonic/gin@v1.10.0/context.go:185
github.com/gin-gonic/gin.(*Engine).handleHTTPRequest
	/Users/charles/go/pkg/mod/github.com/gin-gonic/gin@v1.10.0/gin.go:633
github.com/gin-gonic/gin.(*Engine).ServeHTTP
	/Users/charles/go/pkg/mod/github.com/gin-gonic/gin@v1.10.0/gin.go:589
net/http.serverHandler.ServeHTTP
	/Applications/ServBay/package/go/1.24/1.24.3/src/net/http/server.go:3301
net/http.(*conn).serve
	/Applications/ServBay/package/go/1.24/1.24.3/src/net/http/server.go:2102
[github.com/flipped-aurora/gin-vue-admin/server]2026-04-07 10:49:40.901	[31merror[0m	/Users/charles/Documents/notepad/gin-vue-admin/server/api/v1/system/sys_user.go:68	登陆失败! 用户名不存在或者密码错误!	{"error": "密码错误"}
github.com/flipped-aurora/gin-vue-admin/server/api/v1/system.(*BaseApi).Login
	/Users/charles/Documents/notepad/gin-vue-admin/server/api/v1/system/sys_user.go:68
github.com/gin-gonic/gin.(*Context).Next
	/Users/charles/go/pkg/mod/github.com/gin-gonic/gin@v1.10.0/context.go:185
github.com/gin-gonic/gin.LoggerWithConfig.func1
	/Users/charles/go/pkg/mod/github.com/gin-gonic/gin@v1.10.0/logger.go:249
github.com/gin-gonic/gin.(*Context).Next
	/Users/charles/go/pkg/mod/github.com/gin-gonic/gin@v1.10.0/context.go:185
github.com/flipped-aurora/gin-vue-admin/server/initialize.Routers.GinRecovery.func7
	/Users/charles/Documents/notepad/gin-vue-admin/server/middleware/error.go:78
github.com/gin-gonic/gin.(*Context).Next
	/Users/charles/go/pkg/mod/github.com/gin-gonic/gin@v1.10.0/context.go:185
github.com/gin-gonic/gin.(*Engine).handleHTTPRequest
	/Users/charles/go/pkg/mod/github.com/gin-gonic/gin@v1.10.0/gin.go:633
github.com/gin-gonic/gin.(*Engine).ServeHTTP
	/Users/charles/go/pkg/mod/github.com/gin-gonic/gin@v1.10.0/gin.go:589
net/http.serverHandler.ServeHTTP
	/Applications/ServBay/package/go/1.24/1.24.3/src/net/http/server.go:3301
net/http.(*conn).serve
	/Applications/ServBay/package/go/1.24/1.24.3/src/net/http/server.go:2102
[github.com/flipped-aurora/gin-vue-admin/server]2026-04-07 10:50:26.380	[31merror[0m	/Users/charles/Documents/notepad/gin-vue-admin/server/api/v1/system/sys_user.go:68	登陆失败! 用户名不存在或者密码错误!	{"error": "密码错误"}
github.com/flipped-aurora/gin-vue-admin/server/api/v1/system.(*BaseApi).Login
	/Users/charles/Documents/notepad/gin-vue-admin/server/api/v1/system/sys_user.go:68
github.com/gin-gonic/gin.(*Context).Next
	/Users/charles/go/pkg/mod/github.com/gin-gonic/gin@v1.10.0/context.go:185
github.com/gin-gonic/gin.LoggerWithConfig.func1
	/Users/charles/go/pkg/mod/github.com/gin-gonic/gin@v1.10.0/logger.go:249
github.com/gin-gonic/gin.(*Context).Next
	/Users/charles/go/pkg/mod/github.com/gin-gonic/gin@v1.10.0/context.go:185
github.com/flipped-aurora/gin-vue-admin/server/initialize.Routers.GinRecovery.func7
	/Users/charles/Documents/notepad/gin-vue-admin/server/middleware/error.go:78
github.com/gin-gonic/gin.(*Context).Next
	/Users/charles/go/pkg/mod/github.com/gin-gonic/gin@v1.10.0/context.go:185
github.com/gin-gonic/gin.(*Engine).handleHTTPRequest
	/Users/charles/go/pkg/mod/github.com/gin-gonic/gin@v1.10.0/gin.go:633
github.com/gin-gonic/gin.(*Engine).ServeHTTP
	/Users/charles/go/pkg/mod/github.com/gin-gonic/gin@v1.10.0/gin.go:589
net/http.serverHandler.ServeHTTP
	/Applications/ServBay/package/go/1.24/1.24.3/src/net/http/server.go:3301
net/http.(*conn).serve
	/Applications/ServBay/package/go/1.24/1.24.3/src/net/http/server.go:2102
[github.com/flipped-aurora/gin-vue-admin/server]2026-04-07 10:50:37.643	[31merror[0m	/Users/charles/Documents/notepad/gin-vue-admin/server/api/v1/system/sys_user.go:68	登陆失败! 用户名不存在或者密码错误!	{"error": "密码错误"}
github.com/flipped-aurora/gin-vue-admin/server/api/v1/system.(*BaseApi).Login
	/Users/charles/Documents/notepad/gin-vue-admin/server/api/v1/system/sys_user.go:68
github.com/gin-gonic/gin.(*Context).Next
	/Users/charles/go/pkg/mod/github.com/gin-gonic/gin@v1.10.0/context.go:185
github.com/gin-gonic/gin.LoggerWithConfig.func1
	/Users/charles/go/pkg/mod/github.com/gin-gonic/gin@v1.10.0/logger.go:249
github.com/gin-gonic/gin.(*Context).Next
	/Users/charles/go/pkg/mod/github.com/gin-gonic/gin@v1.10.0/context.go:185
github.com/flipped-aurora/gin-vue-admin/server/initialize.Routers.GinRecovery.func7
	/Users/charles/Documents/notepad/gin-vue-admin/server/middleware/error.go:78
github.com/gin-gonic/gin.(*Context).Next
	/Users/charles/go/pkg/mod/github.com/gin-gonic/gin@v1.10.0/context.go:185
github.com/gin-gonic/gin.(*Engine).handleHTTPRequest
	/Users/charles/go/pkg/mod/github.com/gin-gonic/gin@v1.10.0/gin.go:633
github.com/gin-gonic/gin.(*Engine).ServeHTTP
	/Users/charles/go/pkg/mod/github.com/gin-gonic/gin@v1.10.0/gin.go:589
net/http.serverHandler.ServeHTTP
	/Applications/ServBay/package/go/1.24/1.24.3/src/net/http/server.go:3301
net/http.(*conn).serve
	/Applications/ServBay/package/go/1.24/1.24.3/src/net/http/server.go:2102
[github.com/flipped-aurora/gin-vue-admin/server]2026-04-07 10:52:41.119	[31merror[0m	/Users/charles/Documents/notepad/gin-vue-admin/server/api/v1/system/sys_user.go:68	登陆失败! 用户名不存在或者密码错误!	{"error": "密码错误"}
github.com/flipped-aurora/gin-vue-admin/server/api/v1/system.(*BaseApi).Login
	/Users/charles/Documents/notepad/gin-vue-admin/server/api/v1/system/sys_user.go:68
github.com/gin-gonic/gin.(*Context).Next
	/Users/charles/go/pkg/mod/github.com/gin-gonic/gin@v1.10.0/context.go:185
github.com/gin-gonic/gin.LoggerWithConfig.func1
	/Users/charles/go/pkg/mod/github.com/gin-gonic/gin@v1.10.0/logger.go:249
github.com/gin-gonic/gin.(*Context).Next
	/Users/charles/go/pkg/mod/github.com/gin-gonic/gin@v1.10.0/context.go:185
github.com/flipped-aurora/gin-vue-admin/server/initialize.Routers.GinRecovery.func7
	/Users/charles/Documents/notepad/gin-vue-admin/server/middleware/error.go:78
github.com/gin-gonic/gin.(*Context).Next
	/Users/charles/go/pkg/mod/github.com/gin-gonic/gin@v1.10.0/context.go:185
github.com/gin-gonic/gin.(*Engine).handleHTTPRequest
	/Users/charles/go/pkg/mod/github.com/gin-gonic/gin@v1.10.0/gin.go:633
github.com/gin-gonic/gin.(*Engine).ServeHTTP
	/Users/charles/go/pkg/mod/github.com/gin-gonic/gin@v1.10.0/gin.go:589
net/http.serverHandler.ServeHTTP
	/Applications/ServBay/package/go/1.24/1.24.3/src/net/http/server.go:3301
net/http.(*conn).serve
	/Applications/ServBay/package/go/1.24/1.24.3/src/net/http/server.go:2102
[github.com/flipped-aurora/gin-vue-admin/server]2026-04-07 10:54:21.893	[31merror[0m	/Users/charles/Documents/notepad/gin-vue-admin/server/api/v1/system/sys_user.go:68	登陆失败! 用户名不存在或者密码错误!	{"error": "密码错误"}
github.com/flipped-aurora/gin-vue-admin/server/api/v1/system.(*BaseApi).Login
	/Users/charles/Documents/notepad/gin-vue-admin/server/api/v1/system/sys_user.go:68
github.com/gin-gonic/gin.(*Context).Next
	/Users/charles/go/pkg/mod/github.com/gin-gonic/gin@v1.10.0/context.go:185
github.com/gin-gonic/gin.LoggerWithConfig.func1
	/Users/charles/go/pkg/mod/github.com/gin-gonic/gin@v1.10.0/logger.go:249
github.com/gin-gonic/gin.(*Context).Next
	/Users/charles/go/pkg/mod/github.com/gin-gonic/gin@v1.10.0/context.go:185
github.com/flipped-aurora/gin-vue-admin/server/initialize.Routers.GinRecovery.func7
	/Users/charles/Documents/notepad/gin-vue-admin/server/middleware/error.go:78
github.com/gin-gonic/gin.(*Context).Next
	/Users/charles/go/pkg/mod/github.com/gin-gonic/gin@v1.10.0/context.go:185
github.com/gin-gonic/gin.(*Engine).handleHTTPRequest
	/Users/charles/go/pkg/mod/github.com/gin-gonic/gin@v1.10.0/gin.go:633
github.com/gin-gonic/gin.(*Engine).ServeHTTP
	/Users/charles/go/pkg/mod/github.com/gin-gonic/gin@v1.10.0/gin.go:589
net/http.serverHandler.ServeHTTP
	/Applications/ServBay/package/go/1.24/1.24.3/src/net/http/server.go:3301
net/http.(*conn).serve
	/Applications/ServBay/package/go/1.24/1.24.3/src/net/http/server.go:2102
