[github.com/flipped-aurora/gin-vue-admin/server]2026-03-21 10:36:54.012	[34minfo[0m	/Users/charles/Documents/notepad/gin-vue-admin/server/core/server_run.go:48	关闭WEB服务...
[github.com/flipped-aurora/gin-vue-admin/server]2026-03-21 10:36:54.013	[34minfo[0m	/Users/charles/Documents/notepad/gin-vue-admin/server/core/server_run.go:59	WEB服务已关闭
[github.com/flipped-aurora/gin-vue-admin/server]2026-03-21 10:37:02.582	[34minfo[0m	/Users/charles/Documents/notepad/gin-vue-admin/server/initialize/gorm.go:86	register table success
[github.com/flipped-aurora/gin-vue-admin/server]2026-03-21 10:37:02.582	[34minfo[0m	/Users/charles/Documents/notepad/gin-vue-admin/server/initialize/router.go:75	register swagger handler
[github.com/flipped-aurora/gin-vue-admin/server]2026-03-21 10:37:02.586	[34minfo[0m	/Users/charles/Documents/notepad/gin-vue-admin/server/initialize/router.go:129	router register success
[github.com/flipped-aurora/gin-vue-admin/server]2026-03-21 10:55:58.178	[34minfo[0m	/Users/charles/Documents/notepad/gin-vue-admin/server/core/server_run.go:48	关闭WEB服务...
[github.com/flipped-aurora/gin-vue-admin/server]2026-03-21 10:55:58.180	[34minfo[0m	/Users/charles/Documents/notepad/gin-vue-admin/server/core/server_run.go:59	WEB服务已关闭
[github.com/flipped-aurora/gin-vue-admin/server]2026-03-21 10:57:44.691	[34minfo[0m	/Users/charles/Documents/notepad/gin-vue-admin/server/initialize/gorm.go:86	register table success
[github.com/flipped-aurora/gin-vue-admin/server]2026-03-21 10:57:44.691	[34minfo[0m	/Users/charles/Documents/notepad/gin-vue-admin/server/initialize/router.go:75	register swagger handler
[github.com/flipped-aurora/gin-vue-admin/server]2026-03-21 10:57:44.695	[34minfo[0m	/Users/charles/Documents/notepad/gin-vue-admin/server/initialize/router.go:129	router register success
[github.com/flipped-aurora/gin-vue-admin/server]2026-03-21 11:03:19.080	[34minfo[0m	/Users/charles/Documents/notepad/gin-vue-admin/server/initialize/gorm.go:86	register table success
[github.com/flipped-aurora/gin-vue-admin/server]2026-03-21 11:03:19.081	[34minfo[0m	/Users/charles/Documents/notepad/gin-vue-admin/server/initialize/router.go:75	register swagger handler
[github.com/flipped-aurora/gin-vue-admin/server]2026-03-21 11:03:19.099	[34minfo[0m	/Users/charles/Documents/notepad/gin-vue-admin/server/initialize/router.go:129	router register success
[github.com/flipped-aurora/gin-vue-admin/server]2026-03-21 11:09:45.223	[34minfo[0m	/Users/charles/Documents/notepad/gin-vue-admin/server/initialize/gorm.go:86	register table success
[github.com/flipped-aurora/gin-vue-admin/server]2026-03-21 11:09:45.223	[34minfo[0m	/Users/charles/Documents/notepad/gin-vue-admin/server/initialize/router.go:75	register swagger handler
[github.com/flipped-aurora/gin-vue-admin/server]2026-03-21 11:09:45.227	[34minfo[0m	/Users/charles/Documents/notepad/gin-vue-admin/server/initialize/router.go:129	router register success
[github.com/flipped-aurora/gin-vue-admin/server]2026-03-21 11:10:00.452	[34minfo[0m	/Users/charles/Documents/notepad/gin-vue-admin/server/initialize/gorm.go:86	register table success
[github.com/flipped-aurora/gin-vue-admin/server]2026-03-21 11:10:00.453	[34minfo[0m	/Users/charles/Documents/notepad/gin-vue-admin/server/initialize/router.go:75	register swagger handler
[github.com/flipped-aurora/gin-vue-admin/server]2026-03-21 11:10:00.456	[34minfo[0m	/Users/charles/Documents/notepad/gin-vue-admin/server/initialize/router.go:129	router register success
[github.com/flipped-aurora/gin-vue-admin/server]2026-03-21 11:10:29.671	[34minfo[0m	/Users/charles/Documents/notepad/gin-vue-admin/server/initialize/gorm.go:86	register table success
[github.com/flipped-aurora/gin-vue-admin/server]2026-03-21 11:10:29.672	[34minfo[0m	/Users/charles/Documents/notepad/gin-vue-admin/server/initialize/router.go:75	register swagger handler
[github.com/flipped-aurora/gin-vue-admin/server]2026-03-21 11:10:29.675	[34minfo[0m	/Users/charles/Documents/notepad/gin-vue-admin/server/initialize/router.go:129	router register success
[github.com/flipped-aurora/gin-vue-admin/server]2026-03-21 11:10:53.042	[34minfo[0m	/Users/charles/Documents/notepad/gin-vue-admin/server/initialize/gorm.go:86	register table success
[github.com/flipped-aurora/gin-vue-admin/server]2026-03-21 11:10:53.043	[34minfo[0m	/Users/charles/Documents/notepad/gin-vue-admin/server/initialize/router.go:75	register swagger handler
[github.com/flipped-aurora/gin-vue-admin/server]2026-03-21 11:10:53.046	[34minfo[0m	/Users/charles/Documents/notepad/gin-vue-admin/server/initialize/router.go:129	router register success
[github.com/flipped-aurora/gin-vue-admin/server]2026-03-21 14:08:53.719	[34minfo[0m	/Users/charles/Documents/notepad/gin-vue-admin/server/initialize/gorm.go:86	register table success
[github.com/flipped-aurora/gin-vue-admin/server]2026-03-21 14:08:53.720	[34minfo[0m	/Users/charles/Documents/notepad/gin-vue-admin/server/initialize/router.go:75	register swagger handler
[github.com/flipped-aurora/gin-vue-admin/server]2026-03-21 14:08:53.723	[34minfo[0m	/Users/charles/Documents/notepad/gin-vue-admin/server/initialize/router.go:129	router register success
[github.com/flipped-aurora/gin-vue-admin/server]2026-03-21 14:46:07.995	[34minfo[0m	/Users/charles/Documents/notepad/gin-vue-admin/server/initialize/gorm.go:86	register table success
[github.com/flipped-aurora/gin-vue-admin/server]2026-03-21 14:46:07.996	[34minfo[0m	/Users/charles/Documents/notepad/gin-vue-admin/server/initialize/router.go:75	register swagger handler
[github.com/flipped-aurora/gin-vue-admin/server]2026-03-21 14:46:07.999	[34minfo[0m	/Users/charles/Documents/notepad/gin-vue-admin/server/initialize/router.go:129	router register success
[github.com/flipped-aurora/gin-vue-admin/server]2026-03-21 14:46:09.623	[34minfo[0m	/Users/charles/Documents/notepad/gin-vue-admin/server/initialize/gorm.go:86	register table success
[github.com/flipped-aurora/gin-vue-admin/server]2026-03-21 14:46:09.624	[34minfo[0m	/Users/charles/Documents/notepad/gin-vue-admin/server/initialize/router.go:75	register swagger handler
[github.com/flipped-aurora/gin-vue-admin/server]2026-03-21 14:46:09.627	[34minfo[0m	/Users/charles/Documents/notepad/gin-vue-admin/server/initialize/router.go:129	router register success
[github.com/flipped-aurora/gin-vue-admin/server]2026-03-21 14:47:03.682	[34minfo[0m	/Users/charles/Documents/notepad/gin-vue-admin/server/initialize/gorm.go:86	register table success
[github.com/flipped-aurora/gin-vue-admin/server]2026-03-21 14:47:03.683	[34minfo[0m	/Users/charles/Documents/notepad/gin-vue-admin/server/initialize/router.go:75	register swagger handler
[github.com/flipped-aurora/gin-vue-admin/server]2026-03-21 14:47:03.686	[34minfo[0m	/Users/charles/Documents/notepad/gin-vue-admin/server/initialize/router.go:129	router register success
[github.com/flipped-aurora/gin-vue-admin/server]2026-03-21 14:47:10.693	[34minfo[0m	/Users/charles/Documents/notepad/gin-vue-admin/server/initialize/gorm.go:86	register table success
[github.com/flipped-aurora/gin-vue-admin/server]2026-03-21 14:47:10.693	[34minfo[0m	/Users/charles/Documents/notepad/gin-vue-admin/server/initialize/router.go:75	register swagger handler
[github.com/flipped-aurora/gin-vue-admin/server]2026-03-21 14:47:10.696	[34minfo[0m	/Users/charles/Documents/notepad/gin-vue-admin/server/initialize/router.go:129	router register success
[github.com/flipped-aurora/gin-vue-admin/server]2026-03-21 14:47:39.809	[34minfo[0m	/Users/charles/Documents/notepad/gin-vue-admin/server/initialize/gorm.go:86	register table success
[github.com/flipped-aurora/gin-vue-admin/server]2026-03-21 14:47:39.809	[34minfo[0m	/Users/charles/Documents/notepad/gin-vue-admin/server/initialize/router.go:75	register swagger handler
[github.com/flipped-aurora/gin-vue-admin/server]2026-03-21 14:47:39.813	[34minfo[0m	/Users/charles/Documents/notepad/gin-vue-admin/server/initialize/router.go:129	router register success
[github.com/flipped-aurora/gin-vue-admin/server]2026-03-21 15:13:58.556	[34minfo[0m	/Users/charles/Documents/notepad/gin-vue-admin/server/initialize/gorm.go:86	register table success
[github.com/flipped-aurora/gin-vue-admin/server]2026-03-21 15:13:58.556	[34minfo[0m	/Users/charles/Documents/notepad/gin-vue-admin/server/initialize/router.go:75	register swagger handler
[github.com/flipped-aurora/gin-vue-admin/server]2026-03-21 15:13:58.559	[34minfo[0m	/Users/charles/Documents/notepad/gin-vue-admin/server/initialize/router.go:129	router register success
[github.com/flipped-aurora/gin-vue-admin/server]2026-03-21 15:14:11.279	[34minfo[0m	/Users/charles/Documents/notepad/gin-vue-admin/server/initialize/gorm.go:86	register table success
[github.com/flipped-aurora/gin-vue-admin/server]2026-03-21 15:14:11.279	[34minfo[0m	/Users/charles/Documents/notepad/gin-vue-admin/server/initialize/router.go:75	register swagger handler
[github.com/flipped-aurora/gin-vue-admin/server]2026-03-21 15:14:11.282	[34minfo[0m	/Users/charles/Documents/notepad/gin-vue-admin/server/initialize/router.go:129	router register success
[github.com/flipped-aurora/gin-vue-admin/server]2026-03-21 15:14:14.508	[34minfo[0m	/Users/charles/Documents/notepad/gin-vue-admin/server/initialize/gorm.go:86	register table success
[github.com/flipped-aurora/gin-vue-admin/server]2026-03-21 15:14:14.508	[34minfo[0m	/Users/charles/Documents/notepad/gin-vue-admin/server/initialize/router.go:75	register swagger handler
[github.com/flipped-aurora/gin-vue-admin/server]2026-03-21 15:14:14.511	[34minfo[0m	/Users/charles/Documents/notepad/gin-vue-admin/server/initialize/router.go:129	router register success
[github.com/flipped-aurora/gin-vue-admin/server]2026-03-21 15:14:23.650	[34minfo[0m	/Users/charles/Documents/notepad/gin-vue-admin/server/initialize/gorm.go:86	register table success
[github.com/flipped-aurora/gin-vue-admin/server]2026-03-21 15:14:23.651	[34minfo[0m	/Users/charles/Documents/notepad/gin-vue-admin/server/initialize/router.go:75	register swagger handler
[github.com/flipped-aurora/gin-vue-admin/server]2026-03-21 15:14:23.654	[34minfo[0m	/Users/charles/Documents/notepad/gin-vue-admin/server/initialize/router.go:129	router register success
[github.com/flipped-aurora/gin-vue-admin/server]2026-03-21 15:14:25.951	[34minfo[0m	/Users/charles/Documents/notepad/gin-vue-admin/server/initialize/gorm.go:86	register table success
[github.com/flipped-aurora/gin-vue-admin/server]2026-03-21 15:14:25.952	[34minfo[0m	/Users/charles/Documents/notepad/gin-vue-admin/server/initialize/router.go:75	register swagger handler
[github.com/flipped-aurora/gin-vue-admin/server]2026-03-21 15:14:25.955	[34minfo[0m	/Users/charles/Documents/notepad/gin-vue-admin/server/initialize/router.go:129	router register success
[github.com/flipped-aurora/gin-vue-admin/server]2026-03-21 15:14:29.040	[34minfo[0m	/Users/charles/Documents/notepad/gin-vue-admin/server/initialize/gorm.go:86	register table success
[github.com/flipped-aurora/gin-vue-admin/server]2026-03-21 15:14:29.041	[34minfo[0m	/Users/charles/Documents/notepad/gin-vue-admin/server/initialize/router.go:75	register swagger handler
[github.com/flipped-aurora/gin-vue-admin/server]2026-03-21 15:14:29.044	[34minfo[0m	/Users/charles/Documents/notepad/gin-vue-admin/server/initialize/router.go:129	router register success
[github.com/flipped-aurora/gin-vue-admin/server]2026-03-21 15:14:53.661	[34minfo[0m	/Users/charles/Documents/notepad/gin-vue-admin/server/initialize/gorm.go:86	register table success
[github.com/flipped-aurora/gin-vue-admin/server]2026-03-21 15:14:53.662	[34minfo[0m	/Users/charles/Documents/notepad/gin-vue-admin/server/initialize/router.go:75	register swagger handler
[github.com/flipped-aurora/gin-vue-admin/server]2026-03-21 15:14:53.665	[34minfo[0m	/Users/charles/Documents/notepad/gin-vue-admin/server/initialize/router.go:129	router register success
[github.com/flipped-aurora/gin-vue-admin/server]2026-03-21 15:16:07.483	[34minfo[0m	/Users/charles/Documents/notepad/gin-vue-admin/server/initialize/gorm.go:86	register table success
[github.com/flipped-aurora/gin-vue-admin/server]2026-03-21 15:16:07.483	[34minfo[0m	/Users/charles/Documents/notepad/gin-vue-admin/server/initialize/router.go:75	register swagger handler
[github.com/flipped-aurora/gin-vue-admin/server]2026-03-21 15:16:07.486	[34minfo[0m	/Users/charles/Documents/notepad/gin-vue-admin/server/initialize/router.go:129	router register success
[github.com/flipped-aurora/gin-vue-admin/server]2026-03-21 15:17:37.506	[34minfo[0m	/Users/charles/Documents/notepad/gin-vue-admin/server/initialize/gorm.go:86	register table success
[github.com/flipped-aurora/gin-vue-admin/server]2026-03-21 15:17:37.506	[34minfo[0m	/Users/charles/Documents/notepad/gin-vue-admin/server/initialize/router.go:75	register swagger handler
[github.com/flipped-aurora/gin-vue-admin/server]2026-03-21 15:17:37.509	[34minfo[0m	/Users/charles/Documents/notepad/gin-vue-admin/server/initialize/router.go:129	router register success
[github.com/flipped-aurora/gin-vue-admin/server]2026-03-21 15:35:31.360	[34minfo[0m	/Users/charles/Documents/notepad/gin-vue-admin/server/initialize/gorm.go:86	register table success
[github.com/flipped-aurora/gin-vue-admin/server]2026-03-21 15:35:31.360	[34minfo[0m	/Users/charles/Documents/notepad/gin-vue-admin/server/initialize/router.go:75	register swagger handler
[github.com/flipped-aurora/gin-vue-admin/server]2026-03-21 15:35:31.364	[34minfo[0m	/Users/charles/Documents/notepad/gin-vue-admin/server/initialize/router.go:129	router register success
[github.com/flipped-aurora/gin-vue-admin/server]2026-03-21 15:53:41.998	[34minfo[0m	/Users/charles/Documents/notepad/gin-vue-admin/server/initialize/gorm.go:86	register table success
[github.com/flipped-aurora/gin-vue-admin/server]2026-03-21 15:53:41.998	[34minfo[0m	/Users/charles/Documents/notepad/gin-vue-admin/server/initialize/router.go:75	register swagger handler
[github.com/flipped-aurora/gin-vue-admin/server]2026-03-21 15:53:42.002	[34minfo[0m	/Users/charles/Documents/notepad/gin-vue-admin/server/initialize/router.go:129	router register success
[github.com/flipped-aurora/gin-vue-admin/server]2026-03-21 15:53:55.577	[34minfo[0m	/Users/charles/Documents/notepad/gin-vue-admin/server/initialize/gorm.go:86	register table success
[github.com/flipped-aurora/gin-vue-admin/server]2026-03-21 15:53:55.578	[34minfo[0m	/Users/charles/Documents/notepad/gin-vue-admin/server/initialize/router.go:75	register swagger handler
[github.com/flipped-aurora/gin-vue-admin/server]2026-03-21 15:53:55.581	[34minfo[0m	/Users/charles/Documents/notepad/gin-vue-admin/server/initialize/router.go:129	router register success
[github.com/flipped-aurora/gin-vue-admin/server]2026-03-21 15:53:57.319	[34minfo[0m	/Users/charles/Documents/notepad/gin-vue-admin/server/initialize/gorm.go:86	register table success
[github.com/flipped-aurora/gin-vue-admin/server]2026-03-21 15:53:57.319	[34minfo[0m	/Users/charles/Documents/notepad/gin-vue-admin/server/initialize/router.go:75	register swagger handler
[github.com/flipped-aurora/gin-vue-admin/server]2026-03-21 15:53:57.322	[34minfo[0m	/Users/charles/Documents/notepad/gin-vue-admin/server/initialize/router.go:129	router register success
[github.com/flipped-aurora/gin-vue-admin/server]2026-03-21 15:54:07.900	[34minfo[0m	/Users/charles/Documents/notepad/gin-vue-admin/server/initialize/gorm.go:86	register table success
[github.com/flipped-aurora/gin-vue-admin/server]2026-03-21 15:54:07.901	[34minfo[0m	/Users/charles/Documents/notepad/gin-vue-admin/server/initialize/router.go:75	register swagger handler
[github.com/flipped-aurora/gin-vue-admin/server]2026-03-21 15:54:07.904	[34minfo[0m	/Users/charles/Documents/notepad/gin-vue-admin/server/initialize/router.go:129	router register success
[github.com/flipped-aurora/gin-vue-admin/server]2026-03-21 15:59:37.880	[34minfo[0m	/Users/charles/Documents/notepad/gin-vue-admin/server/initialize/gorm.go:86	register table success
[github.com/flipped-aurora/gin-vue-admin/server]2026-03-21 15:59:37.880	[34minfo[0m	/Users/charles/Documents/notepad/gin-vue-admin/server/initialize/router.go:75	register swagger handler
[github.com/flipped-aurora/gin-vue-admin/server]2026-03-21 15:59:37.884	[34minfo[0m	/Users/charles/Documents/notepad/gin-vue-admin/server/initialize/router.go:129	router register success
[github.com/flipped-aurora/gin-vue-admin/server]2026-03-21 16:11:11.786	[34minfo[0m	/Users/charles/Documents/notepad/gin-vue-admin/server/initialize/gorm.go:86	register table success
[github.com/flipped-aurora/gin-vue-admin/server]2026-03-21 16:11:11.787	[34minfo[0m	/Users/charles/Documents/notepad/gin-vue-admin/server/initialize/router.go:75	register swagger handler
[github.com/flipped-aurora/gin-vue-admin/server]2026-03-21 16:11:11.791	[34minfo[0m	/Users/charles/Documents/notepad/gin-vue-admin/server/initialize/router.go:129	router register success
[github.com/flipped-aurora/gin-vue-admin/server]2026-03-21 16:13:22.116	[34minfo[0m	/Users/charles/Documents/notepad/gin-vue-admin/server/initialize/gorm.go:86	register table success
[github.com/flipped-aurora/gin-vue-admin/server]2026-03-21 16:13:22.117	[34minfo[0m	/Users/charles/Documents/notepad/gin-vue-admin/server/initialize/router.go:75	register swagger handler
[github.com/flipped-aurora/gin-vue-admin/server]2026-03-21 16:13:22.120	[34minfo[0m	/Users/charles/Documents/notepad/gin-vue-admin/server/initialize/router.go:129	router register success
[github.com/flipped-aurora/gin-vue-admin/server]2026-03-21 16:13:34.269	[34minfo[0m	/Users/charles/Documents/notepad/gin-vue-admin/server/initialize/gorm.go:86	register table success
[github.com/flipped-aurora/gin-vue-admin/server]2026-03-21 16:13:34.269	[34minfo[0m	/Users/charles/Documents/notepad/gin-vue-admin/server/initialize/router.go:75	register swagger handler
[github.com/flipped-aurora/gin-vue-admin/server]2026-03-21 16:13:34.273	[34minfo[0m	/Users/charles/Documents/notepad/gin-vue-admin/server/initialize/router.go:129	router register success
[github.com/flipped-aurora/gin-vue-admin/server]2026-03-21 16:13:46.140	[34minfo[0m	/Users/charles/Documents/notepad/gin-vue-admin/server/initialize/gorm.go:86	register table success
[github.com/flipped-aurora/gin-vue-admin/server]2026-03-21 16:13:46.140	[34minfo[0m	/Users/charles/Documents/notepad/gin-vue-admin/server/initialize/router.go:75	register swagger handler
[github.com/flipped-aurora/gin-vue-admin/server]2026-03-21 16:13:46.144	[34minfo[0m	/Users/charles/Documents/notepad/gin-vue-admin/server/initialize/router.go:129	router register success
[github.com/flipped-aurora/gin-vue-admin/server]2026-03-21 16:13:56.106	[34minfo[0m	/Users/charles/Documents/notepad/gin-vue-admin/server/initialize/gorm.go:86	register table success
[github.com/flipped-aurora/gin-vue-admin/server]2026-03-21 16:13:56.107	[34minfo[0m	/Users/charles/Documents/notepad/gin-vue-admin/server/initialize/router.go:75	register swagger handler
[github.com/flipped-aurora/gin-vue-admin/server]2026-03-21 16:13:56.111	[34minfo[0m	/Users/charles/Documents/notepad/gin-vue-admin/server/initialize/router.go:129	router register success
[github.com/flipped-aurora/gin-vue-admin/server]2026-03-21 16:14:16.415	[34minfo[0m	/Users/charles/Documents/notepad/gin-vue-admin/server/initialize/gorm.go:86	register table success
[github.com/flipped-aurora/gin-vue-admin/server]2026-03-21 16:14:16.415	[34minfo[0m	/Users/charles/Documents/notepad/gin-vue-admin/server/initialize/router.go:75	register swagger handler
[github.com/flipped-aurora/gin-vue-admin/server]2026-03-21 16:14:16.418	[34minfo[0m	/Users/charles/Documents/notepad/gin-vue-admin/server/initialize/router.go:129	router register success
[github.com/flipped-aurora/gin-vue-admin/server]2026-03-21 16:14:23.115	[34minfo[0m	/Users/charles/Documents/notepad/gin-vue-admin/server/initialize/gorm.go:86	register table success
[github.com/flipped-aurora/gin-vue-admin/server]2026-03-21 16:14:23.115	[34minfo[0m	/Users/charles/Documents/notepad/gin-vue-admin/server/initialize/router.go:75	register swagger handler
[github.com/flipped-aurora/gin-vue-admin/server]2026-03-21 16:14:23.118	[34minfo[0m	/Users/charles/Documents/notepad/gin-vue-admin/server/initialize/router.go:129	router register success
[github.com/flipped-aurora/gin-vue-admin/server]2026-03-21 16:29:33.081	[34minfo[0m	/Users/charles/Documents/notepad/gin-vue-admin/server/initialize/gorm.go:86	register table success
[github.com/flipped-aurora/gin-vue-admin/server]2026-03-21 16:29:33.082	[34minfo[0m	/Users/charles/Documents/notepad/gin-vue-admin/server/initialize/router.go:75	register swagger handler
[github.com/flipped-aurora/gin-vue-admin/server]2026-03-21 16:29:33.086	[34minfo[0m	/Users/charles/Documents/notepad/gin-vue-admin/server/initialize/router.go:129	router register success
[github.com/flipped-aurora/gin-vue-admin/server]2026-03-21 16:29:35.661	[34minfo[0m	/Users/charles/Documents/notepad/gin-vue-admin/server/initialize/gorm.go:86	register table success
[github.com/flipped-aurora/gin-vue-admin/server]2026-03-21 16:29:35.661	[34minfo[0m	/Users/charles/Documents/notepad/gin-vue-admin/server/initialize/router.go:75	register swagger handler
[github.com/flipped-aurora/gin-vue-admin/server]2026-03-21 16:29:35.664	[34minfo[0m	/Users/charles/Documents/notepad/gin-vue-admin/server/initialize/router.go:129	router register success
[github.com/flipped-aurora/gin-vue-admin/server]2026-03-21 16:29:38.385	[34minfo[0m	/Users/charles/Documents/notepad/gin-vue-admin/server/initialize/gorm.go:86	register table success
[github.com/flipped-aurora/gin-vue-admin/server]2026-03-21 16:29:38.386	[34minfo[0m	/Users/charles/Documents/notepad/gin-vue-admin/server/initialize/router.go:75	register swagger handler
[github.com/flipped-aurora/gin-vue-admin/server]2026-03-21 16:29:38.389	[34minfo[0m	/Users/charles/Documents/notepad/gin-vue-admin/server/initialize/router.go:129	router register success
[github.com/flipped-aurora/gin-vue-admin/server]2026-03-21 16:29:41.406	[34minfo[0m	/Users/charles/Documents/notepad/gin-vue-admin/server/initialize/gorm.go:86	register table success
[github.com/flipped-aurora/gin-vue-admin/server]2026-03-21 16:29:41.407	[34minfo[0m	/Users/charles/Documents/notepad/gin-vue-admin/server/initialize/router.go:75	register swagger handler
[github.com/flipped-aurora/gin-vue-admin/server]2026-03-21 16:29:41.410	[34minfo[0m	/Users/charles/Documents/notepad/gin-vue-admin/server/initialize/router.go:129	router register success
[github.com/flipped-aurora/gin-vue-admin/server]2026-03-21 16:29:53.619	[34minfo[0m	/Users/charles/Documents/notepad/gin-vue-admin/server/initialize/gorm.go:86	register table success
[github.com/flipped-aurora/gin-vue-admin/server]2026-03-21 16:29:53.620	[34minfo[0m	/Users/charles/Documents/notepad/gin-vue-admin/server/initialize/router.go:75	register swagger handler
[github.com/flipped-aurora/gin-vue-admin/server]2026-03-21 16:29:53.623	[34minfo[0m	/Users/charles/Documents/notepad/gin-vue-admin/server/initialize/router.go:129	router register success
[github.com/flipped-aurora/gin-vue-admin/server]2026-03-21 16:30:01.814	[34minfo[0m	/Users/charles/Documents/notepad/gin-vue-admin/server/initialize/gorm.go:86	register table success
[github.com/flipped-aurora/gin-vue-admin/server]2026-03-21 16:30:01.814	[34minfo[0m	/Users/charles/Documents/notepad/gin-vue-admin/server/initialize/router.go:75	register swagger handler
[github.com/flipped-aurora/gin-vue-admin/server]2026-03-21 16:30:01.818	[34minfo[0m	/Users/charles/Documents/notepad/gin-vue-admin/server/initialize/router.go:129	router register success
[github.com/flipped-aurora/gin-vue-admin/server]2026-03-21 16:31:21.179	[34minfo[0m	/Users/charles/Documents/notepad/gin-vue-admin/server/initialize/gorm.go:86	register table success
[github.com/flipped-aurora/gin-vue-admin/server]2026-03-21 16:31:21.179	[34minfo[0m	/Users/charles/Documents/notepad/gin-vue-admin/server/initialize/router.go:75	register swagger handler
[github.com/flipped-aurora/gin-vue-admin/server]2026-03-21 16:31:21.183	[34minfo[0m	/Users/charles/Documents/notepad/gin-vue-admin/server/initialize/router.go:129	router register success
[github.com/flipped-aurora/gin-vue-admin/server]2026-03-21 16:31:35.338	[34minfo[0m	/Users/charles/Documents/notepad/gin-vue-admin/server/initialize/gorm.go:86	register table success
[github.com/flipped-aurora/gin-vue-admin/server]2026-03-21 16:31:35.338	[34minfo[0m	/Users/charles/Documents/notepad/gin-vue-admin/server/initialize/router.go:75	register swagger handler
[github.com/flipped-aurora/gin-vue-admin/server]2026-03-21 16:31:35.342	[34minfo[0m	/Users/charles/Documents/notepad/gin-vue-admin/server/initialize/router.go:129	router register success
[github.com/flipped-aurora/gin-vue-admin/server]2026-03-21 16:33:25.411	[34minfo[0m	/Users/charles/Documents/notepad/gin-vue-admin/server/initialize/gorm.go:86	register table success
[github.com/flipped-aurora/gin-vue-admin/server]2026-03-21 16:33:25.411	[34minfo[0m	/Users/charles/Documents/notepad/gin-vue-admin/server/initialize/router.go:75	register swagger handler
[github.com/flipped-aurora/gin-vue-admin/server]2026-03-21 16:33:25.414	[34minfo[0m	/Users/charles/Documents/notepad/gin-vue-admin/server/initialize/router.go:129	router register success
[github.com/flipped-aurora/gin-vue-admin/server]2026-03-21 16:36:30.081	[34minfo[0m	/Users/charles/Documents/notepad/gin-vue-admin/server/initialize/gorm.go:86	register table success
[github.com/flipped-aurora/gin-vue-admin/server]2026-03-21 16:36:30.082	[34minfo[0m	/Users/charles/Documents/notepad/gin-vue-admin/server/initialize/router.go:75	register swagger handler
[github.com/flipped-aurora/gin-vue-admin/server]2026-03-21 16:36:30.085	[34minfo[0m	/Users/charles/Documents/notepad/gin-vue-admin/server/initialize/router.go:129	router register success
[github.com/flipped-aurora/gin-vue-admin/server]2026-03-21 16:36:43.535	[34minfo[0m	/Users/charles/Documents/notepad/gin-vue-admin/server/initialize/gorm.go:86	register table success
[github.com/flipped-aurora/gin-vue-admin/server]2026-03-21 16:36:43.536	[34minfo[0m	/Users/charles/Documents/notepad/gin-vue-admin/server/initialize/router.go:75	register swagger handler
[github.com/flipped-aurora/gin-vue-admin/server]2026-03-21 16:36:43.539	[34minfo[0m	/Users/charles/Documents/notepad/gin-vue-admin/server/initialize/router.go:129	router register success
[github.com/flipped-aurora/gin-vue-admin/server]2026-03-21 16:36:53.569	[34minfo[0m	/Users/charles/Documents/notepad/gin-vue-admin/server/initialize/gorm.go:86	register table success
[github.com/flipped-aurora/gin-vue-admin/server]2026-03-21 16:36:53.570	[34minfo[0m	/Users/charles/Documents/notepad/gin-vue-admin/server/initialize/router.go:75	register swagger handler
[github.com/flipped-aurora/gin-vue-admin/server]2026-03-21 16:36:53.573	[34minfo[0m	/Users/charles/Documents/notepad/gin-vue-admin/server/initialize/router.go:129	router register success
[github.com/flipped-aurora/gin-vue-admin/server]2026-03-21 16:37:01.748	[34minfo[0m	/Users/charles/Documents/notepad/gin-vue-admin/server/initialize/gorm.go:86	register table success
[github.com/flipped-aurora/gin-vue-admin/server]2026-03-21 16:37:01.748	[34minfo[0m	/Users/charles/Documents/notepad/gin-vue-admin/server/initialize/router.go:75	register swagger handler
[github.com/flipped-aurora/gin-vue-admin/server]2026-03-21 16:37:01.751	[34minfo[0m	/Users/charles/Documents/notepad/gin-vue-admin/server/initialize/router.go:129	router register success
[github.com/flipped-aurora/gin-vue-admin/server]2026-03-21 17:02:11.812	[34minfo[0m	/Users/charles/Documents/notepad/gin-vue-admin/server/initialize/gorm.go:86	register table success
[github.com/flipped-aurora/gin-vue-admin/server]2026-03-21 17:02:11.812	[34minfo[0m	/Users/charles/Documents/notepad/gin-vue-admin/server/initialize/router.go:75	register swagger handler
[github.com/flipped-aurora/gin-vue-admin/server]2026-03-21 17:02:11.815	[34minfo[0m	/Users/charles/Documents/notepad/gin-vue-admin/server/initialize/router.go:129	router register success
[github.com/flipped-aurora/gin-vue-admin/server]2026-03-21 17:03:20.811	[34minfo[0m	/Users/charles/Documents/notepad/gin-vue-admin/server/initialize/gorm.go:86	register table success
[github.com/flipped-aurora/gin-vue-admin/server]2026-03-21 17:03:20.812	[34minfo[0m	/Users/charles/Documents/notepad/gin-vue-admin/server/initialize/router.go:75	register swagger handler
[github.com/flipped-aurora/gin-vue-admin/server]2026-03-21 17:03:20.815	[34minfo[0m	/Users/charles/Documents/notepad/gin-vue-admin/server/initialize/router.go:129	router register success
[github.com/flipped-aurora/gin-vue-admin/server]2026-03-21 17:03:36.093	[34minfo[0m	/Users/charles/Documents/notepad/gin-vue-admin/server/initialize/gorm.go:86	register table success
[github.com/flipped-aurora/gin-vue-admin/server]2026-03-21 17:03:36.093	[34minfo[0m	/Users/charles/Documents/notepad/gin-vue-admin/server/initialize/router.go:75	register swagger handler
[github.com/flipped-aurora/gin-vue-admin/server]2026-03-21 17:03:36.097	[34minfo[0m	/Users/charles/Documents/notepad/gin-vue-admin/server/initialize/router.go:129	router register success
[github.com/flipped-aurora/gin-vue-admin/server]2026-03-21 17:44:57.193	[34minfo[0m	/Users/charles/Documents/notepad/gin-vue-admin/server/initialize/gorm.go:86	register table success
[github.com/flipped-aurora/gin-vue-admin/server]2026-03-21 17:44:57.193	[34minfo[0m	/Users/charles/Documents/notepad/gin-vue-admin/server/initialize/router.go:75	register swagger handler
[github.com/flipped-aurora/gin-vue-admin/server]2026-03-21 17:44:57.198	[34minfo[0m	/Users/charles/Documents/notepad/gin-vue-admin/server/initialize/router.go:129	router register success
[github.com/flipped-aurora/gin-vue-admin/server]2026-03-21 17:45:07.761	[34minfo[0m	/Users/charles/Documents/notepad/gin-vue-admin/server/initialize/gorm.go:86	register table success
[github.com/flipped-aurora/gin-vue-admin/server]2026-03-21 17:45:07.761	[34minfo[0m	/Users/charles/Documents/notepad/gin-vue-admin/server/initialize/router.go:75	register swagger handler
[github.com/flipped-aurora/gin-vue-admin/server]2026-03-21 17:45:07.766	[34minfo[0m	/Users/charles/Documents/notepad/gin-vue-admin/server/initialize/router.go:129	router register success
[github.com/flipped-aurora/gin-vue-admin/server]2026-03-21 17:52:27.135	[34minfo[0m	/Users/charles/Documents/notepad/gin-vue-admin/server/initialize/gorm.go:86	register table success
[github.com/flipped-aurora/gin-vue-admin/server]2026-03-21 17:52:27.135	[34minfo[0m	/Users/charles/Documents/notepad/gin-vue-admin/server/initialize/router.go:75	register swagger handler
[github.com/flipped-aurora/gin-vue-admin/server]2026-03-21 17:52:27.139	[34minfo[0m	/Users/charles/Documents/notepad/gin-vue-admin/server/initialize/router.go:129	router register success
