[github.com/flipped-aurora/gin-vue-admin/server]2026-03-26 11:03:05.642	[31merror[0m	/Users/charles/Documents/notepad/gin-vue-admin/server/api/v1/starNote/user_account.go:67	登录失败!	{"error": "password incorrect"}
github.com/flipped-aurora/gin-vue-admin/server/api/v1/starNote.(*UserAccountApi).Login
	/Users/charles/Documents/notepad/gin-vue-admin/server/api/v1/starNote/user_account.go:67
github.com/gin-gonic/gin.(*Context).Next
	/Users/charles/go/pkg/mod/github.com/gin-gonic/gin@v1.10.0/context.go:185
github.com/gin-gonic/gin.LoggerWithConfig.func1
	/Users/charles/go/pkg/mod/github.com/gin-gonic/gin@v1.10.0/logger.go:249
github.com/gin-gonic/gin.(*Context).Next
	/Users/charles/go/pkg/mod/github.com/gin-gonic/gin@v1.10.0/context.go:185
github.com/flipped-aurora/gin-vue-admin/server/initialize.Routers.GinRecovery.func7
	/Users/charles/Documents/notepad/gin-vue-admin/server/middleware/error.go:78
github.com/gin-gonic/gin.(*Context).Next
	/Users/charles/go/pkg/mod/github.com/gin-gonic/gin@v1.10.0/context.go:185
github.com/gin-gonic/gin.(*Engine).handleHTTPRequest
	/Users/charles/go/pkg/mod/github.com/gin-gonic/gin@v1.10.0/gin.go:633
github.com/gin-gonic/gin.(*Engine).ServeHTTP
	/Users/charles/go/pkg/mod/github.com/gin-gonic/gin@v1.10.0/gin.go:589
net/http.serverHandler.ServeHTTP
	/Applications/ServBay/package/go/1.24/1.24.3/src/net/http/server.go:3301
net/http.(*conn).serve
	/Applications/ServBay/package/go/1.24/1.24.3/src/net/http/server.go:2102
[github.com/flipped-aurora/gin-vue-admin/server]2026-03-26 11:03:13.939	[31merror[0m	/Users/charles/Documents/notepad/gin-vue-admin/server/api/v1/starNote/user_account.go:67	登录失败!	{"error": "password incorrect"}
github.com/flipped-aurora/gin-vue-admin/server/api/v1/starNote.(*UserAccountApi).Login
	/Users/charles/Documents/notepad/gin-vue-admin/server/api/v1/starNote/user_account.go:67
github.com/gin-gonic/gin.(*Context).Next
	/Users/charles/go/pkg/mod/github.com/gin-gonic/gin@v1.10.0/context.go:185
github.com/gin-gonic/gin.LoggerWithConfig.func1
	/Users/charles/go/pkg/mod/github.com/gin-gonic/gin@v1.10.0/logger.go:249
github.com/gin-gonic/gin.(*Context).Next
	/Users/charles/go/pkg/mod/github.com/gin-gonic/gin@v1.10.0/context.go:185
github.com/flipped-aurora/gin-vue-admin/server/initialize.Routers.GinRecovery.func7
	/Users/charles/Documents/notepad/gin-vue-admin/server/middleware/error.go:78
github.com/gin-gonic/gin.(*Context).Next
	/Users/charles/go/pkg/mod/github.com/gin-gonic/gin@v1.10.0/context.go:185
github.com/gin-gonic/gin.(*Engine).handleHTTPRequest
	/Users/charles/go/pkg/mod/github.com/gin-gonic/gin@v1.10.0/gin.go:633
github.com/gin-gonic/gin.(*Engine).ServeHTTP
	/Users/charles/go/pkg/mod/github.com/gin-gonic/gin@v1.10.0/gin.go:589
net/http.serverHandler.ServeHTTP
	/Applications/ServBay/package/go/1.24/1.24.3/src/net/http/server.go:3301
net/http.(*conn).serve
	/Applications/ServBay/package/go/1.24/1.24.3/src/net/http/server.go:2102
[github.com/flipped-aurora/gin-vue-admin/server]2026-03-26 11:04:34.473	[31merror[0m	/Users/charles/Documents/notepad/gin-vue-admin/server/api/v1/starNote/user_account.go:67	登录失败!	{"error": "password incorrect"}
github.com/flipped-aurora/gin-vue-admin/server/api/v1/starNote.(*UserAccountApi).Login
	/Users/charles/Documents/notepad/gin-vue-admin/server/api/v1/starNote/user_account.go:67
github.com/gin-gonic/gin.(*Context).Next
	/Users/charles/go/pkg/mod/github.com/gin-gonic/gin@v1.10.0/context.go:185
github.com/gin-gonic/gin.LoggerWithConfig.func1
	/Users/charles/go/pkg/mod/github.com/gin-gonic/gin@v1.10.0/logger.go:249
github.com/gin-gonic/gin.(*Context).Next
	/Users/charles/go/pkg/mod/github.com/gin-gonic/gin@v1.10.0/context.go:185
github.com/flipped-aurora/gin-vue-admin/server/initialize.Routers.GinRecovery.func7
	/Users/charles/Documents/notepad/gin-vue-admin/server/middleware/error.go:78
github.com/gin-gonic/gin.(*Context).Next
	/Users/charles/go/pkg/mod/github.com/gin-gonic/gin@v1.10.0/context.go:185
github.com/gin-gonic/gin.(*Engine).handleHTTPRequest
	/Users/charles/go/pkg/mod/github.com/gin-gonic/gin@v1.10.0/gin.go:633
github.com/gin-gonic/gin.(*Engine).ServeHTTP
	/Users/charles/go/pkg/mod/github.com/gin-gonic/gin@v1.10.0/gin.go:589
net/http.serverHandler.ServeHTTP
	/Applications/ServBay/package/go/1.24/1.24.3/src/net/http/server.go:3301
net/http.(*conn).serve
	/Applications/ServBay/package/go/1.24/1.24.3/src/net/http/server.go:2102
[github.com/flipped-aurora/gin-vue-admin/server]2026-03-26 11:04:38.058	[31merror[0m	/Users/charles/Documents/notepad/gin-vue-admin/server/api/v1/starNote/user_account.go:67	登录失败!	{"error": "password incorrect"}
github.com/flipped-aurora/gin-vue-admin/server/api/v1/starNote.(*UserAccountApi).Login
	/Users/charles/Documents/notepad/gin-vue-admin/server/api/v1/starNote/user_account.go:67
github.com/gin-gonic/gin.(*Context).Next
	/Users/charles/go/pkg/mod/github.com/gin-gonic/gin@v1.10.0/context.go:185
github.com/gin-gonic/gin.LoggerWithConfig.func1
	/Users/charles/go/pkg/mod/github.com/gin-gonic/gin@v1.10.0/logger.go:249
github.com/gin-gonic/gin.(*Context).Next
	/Users/charles/go/pkg/mod/github.com/gin-gonic/gin@v1.10.0/context.go:185
github.com/flipped-aurora/gin-vue-admin/server/initialize.Routers.GinRecovery.func7
	/Users/charles/Documents/notepad/gin-vue-admin/server/middleware/error.go:78
github.com/gin-gonic/gin.(*Context).Next
	/Users/charles/go/pkg/mod/github.com/gin-gonic/gin@v1.10.0/context.go:185
github.com/gin-gonic/gin.(*Engine).handleHTTPRequest
	/Users/charles/go/pkg/mod/github.com/gin-gonic/gin@v1.10.0/gin.go:633
github.com/gin-gonic/gin.(*Engine).ServeHTTP
	/Users/charles/go/pkg/mod/github.com/gin-gonic/gin@v1.10.0/gin.go:589
net/http.serverHandler.ServeHTTP
	/Applications/ServBay/package/go/1.24/1.24.3/src/net/http/server.go:3301
net/http.(*conn).serve
	/Applications/ServBay/package/go/1.24/1.24.3/src/net/http/server.go:2102
[github.com/flipped-aurora/gin-vue-admin/server]2026-03-26 11:04:48.104	[31merror[0m	/Users/charles/Documents/notepad/gin-vue-admin/server/api/v1/starNote/user_account.go:67	登录失败!	{"error": "password incorrect"}
github.com/flipped-aurora/gin-vue-admin/server/api/v1/starNote.(*UserAccountApi).Login
	/Users/charles/Documents/notepad/gin-vue-admin/server/api/v1/starNote/user_account.go:67
github.com/gin-gonic/gin.(*Context).Next
	/Users/charles/go/pkg/mod/github.com/gin-gonic/gin@v1.10.0/context.go:185
github.com/gin-gonic/gin.LoggerWithConfig.func1
	/Users/charles/go/pkg/mod/github.com/gin-gonic/gin@v1.10.0/logger.go:249
github.com/gin-gonic/gin.(*Context).Next
	/Users/charles/go/pkg/mod/github.com/gin-gonic/gin@v1.10.0/context.go:185
github.com/flipped-aurora/gin-vue-admin/server/initialize.Routers.GinRecovery.func7
	/Users/charles/Documents/notepad/gin-vue-admin/server/middleware/error.go:78
github.com/gin-gonic/gin.(*Context).Next
	/Users/charles/go/pkg/mod/github.com/gin-gonic/gin@v1.10.0/context.go:185
github.com/gin-gonic/gin.(*Engine).handleHTTPRequest
	/Users/charles/go/pkg/mod/github.com/gin-gonic/gin@v1.10.0/gin.go:633
github.com/gin-gonic/gin.(*Engine).ServeHTTP
	/Users/charles/go/pkg/mod/github.com/gin-gonic/gin@v1.10.0/gin.go:589
net/http.serverHandler.ServeHTTP
	/Applications/ServBay/package/go/1.24/1.24.3/src/net/http/server.go:3301
net/http.(*conn).serve
	/Applications/ServBay/package/go/1.24/1.24.3/src/net/http/server.go:2102
[github.com/flipped-aurora/gin-vue-admin/server]2026-03-26 11:04:50.870	[31merror[0m	/Users/charles/Documents/notepad/gin-vue-admin/server/api/v1/starNote/user_account.go:67	登录失败!	{"error": "password incorrect"}
github.com/flipped-aurora/gin-vue-admin/server/api/v1/starNote.(*UserAccountApi).Login
	/Users/charles/Documents/notepad/gin-vue-admin/server/api/v1/starNote/user_account.go:67
github.com/gin-gonic/gin.(*Context).Next
	/Users/charles/go/pkg/mod/github.com/gin-gonic/gin@v1.10.0/context.go:185
github.com/gin-gonic/gin.LoggerWithConfig.func1
	/Users/charles/go/pkg/mod/github.com/gin-gonic/gin@v1.10.0/logger.go:249
github.com/gin-gonic/gin.(*Context).Next
	/Users/charles/go/pkg/mod/github.com/gin-gonic/gin@v1.10.0/context.go:185
github.com/flipped-aurora/gin-vue-admin/server/initialize.Routers.GinRecovery.func7
	/Users/charles/Documents/notepad/gin-vue-admin/server/middleware/error.go:78
github.com/gin-gonic/gin.(*Context).Next
	/Users/charles/go/pkg/mod/github.com/gin-gonic/gin@v1.10.0/context.go:185
github.com/gin-gonic/gin.(*Engine).handleHTTPRequest
	/Users/charles/go/pkg/mod/github.com/gin-gonic/gin@v1.10.0/gin.go:633
github.com/gin-gonic/gin.(*Engine).ServeHTTP
	/Users/charles/go/pkg/mod/github.com/gin-gonic/gin@v1.10.0/gin.go:589
net/http.serverHandler.ServeHTTP
	/Applications/ServBay/package/go/1.24/1.24.3/src/net/http/server.go:3301
net/http.(*conn).serve
	/Applications/ServBay/package/go/1.24/1.24.3/src/net/http/server.go:2102
[github.com/flipped-aurora/gin-vue-admin/server]2026-03-26 11:05:14.119	[31merror[0m	/Users/charles/Documents/notepad/gin-vue-admin/server/api/v1/starNote/user_account.go:67	登录失败!	{"error": "record not found"}
github.com/flipped-aurora/gin-vue-admin/server/api/v1/starNote.(*UserAccountApi).Login
	/Users/charles/Documents/notepad/gin-vue-admin/server/api/v1/starNote/user_account.go:67
github.com/gin-gonic/gin.(*Context).Next
	/Users/charles/go/pkg/mod/github.com/gin-gonic/gin@v1.10.0/context.go:185
github.com/gin-gonic/gin.LoggerWithConfig.func1
	/Users/charles/go/pkg/mod/github.com/gin-gonic/gin@v1.10.0/logger.go:249
github.com/gin-gonic/gin.(*Context).Next
	/Users/charles/go/pkg/mod/github.com/gin-gonic/gin@v1.10.0/context.go:185
github.com/flipped-aurora/gin-vue-admin/server/initialize.Routers.GinRecovery.func7
	/Users/charles/Documents/notepad/gin-vue-admin/server/middleware/error.go:78
github.com/gin-gonic/gin.(*Context).Next
	/Users/charles/go/pkg/mod/github.com/gin-gonic/gin@v1.10.0/context.go:185
github.com/gin-gonic/gin.(*Engine).handleHTTPRequest
	/Users/charles/go/pkg/mod/github.com/gin-gonic/gin@v1.10.0/gin.go:633
github.com/gin-gonic/gin.(*Engine).ServeHTTP
	/Users/charles/go/pkg/mod/github.com/gin-gonic/gin@v1.10.0/gin.go:589
net/http.serverHandler.ServeHTTP
	/Applications/ServBay/package/go/1.24/1.24.3/src/net/http/server.go:3301
net/http.(*conn).serve
	/Applications/ServBay/package/go/1.24/1.24.3/src/net/http/server.go:2102
[github.com/flipped-aurora/gin-vue-admin/server]2026-03-26 11:05:17.339	[31merror[0m	/Users/charles/Documents/notepad/gin-vue-admin/server/api/v1/starNote/user_account.go:67	登录失败!	{"error": "record not found"}
github.com/flipped-aurora/gin-vue-admin/server/api/v1/starNote.(*UserAccountApi).Login
	/Users/charles/Documents/notepad/gin-vue-admin/server/api/v1/starNote/user_account.go:67
github.com/gin-gonic/gin.(*Context).Next
	/Users/charles/go/pkg/mod/github.com/gin-gonic/gin@v1.10.0/context.go:185
github.com/gin-gonic/gin.LoggerWithConfig.func1
	/Users/charles/go/pkg/mod/github.com/gin-gonic/gin@v1.10.0/logger.go:249
github.com/gin-gonic/gin.(*Context).Next
	/Users/charles/go/pkg/mod/github.com/gin-gonic/gin@v1.10.0/context.go:185
github.com/flipped-aurora/gin-vue-admin/server/initialize.Routers.GinRecovery.func7
	/Users/charles/Documents/notepad/gin-vue-admin/server/middleware/error.go:78
github.com/gin-gonic/gin.(*Context).Next
	/Users/charles/go/pkg/mod/github.com/gin-gonic/gin@v1.10.0/context.go:185
github.com/gin-gonic/gin.(*Engine).handleHTTPRequest
	/Users/charles/go/pkg/mod/github.com/gin-gonic/gin@v1.10.0/gin.go:633
github.com/gin-gonic/gin.(*Engine).ServeHTTP
	/Users/charles/go/pkg/mod/github.com/gin-gonic/gin@v1.10.0/gin.go:589
net/http.serverHandler.ServeHTTP
	/Applications/ServBay/package/go/1.24/1.24.3/src/net/http/server.go:3301
net/http.(*conn).serve
	/Applications/ServBay/package/go/1.24/1.24.3/src/net/http/server.go:2102
[github.com/flipped-aurora/gin-vue-admin/server]2026-03-26 11:05:45.227	[31merror[0m	/Users/charles/Documents/notepad/gin-vue-admin/server/api/v1/starNote/user_account.go:67	登录失败!	{"error": "password incorrect"}
github.com/flipped-aurora/gin-vue-admin/server/api/v1/starNote.(*UserAccountApi).Login
	/Users/charles/Documents/notepad/gin-vue-admin/server/api/v1/starNote/user_account.go:67
github.com/gin-gonic/gin.(*Context).Next
	/Users/charles/go/pkg/mod/github.com/gin-gonic/gin@v1.10.0/context.go:185
github.com/gin-gonic/gin.LoggerWithConfig.func1
	/Users/charles/go/pkg/mod/github.com/gin-gonic/gin@v1.10.0/logger.go:249
github.com/gin-gonic/gin.(*Context).Next
	/Users/charles/go/pkg/mod/github.com/gin-gonic/gin@v1.10.0/context.go:185
github.com/flipped-aurora/gin-vue-admin/server/initialize.Routers.GinRecovery.func7
	/Users/charles/Documents/notepad/gin-vue-admin/server/middleware/error.go:78
github.com/gin-gonic/gin.(*Context).Next
	/Users/charles/go/pkg/mod/github.com/gin-gonic/gin@v1.10.0/context.go:185
github.com/gin-gonic/gin.(*Engine).handleHTTPRequest
	/Users/charles/go/pkg/mod/github.com/gin-gonic/gin@v1.10.0/gin.go:633
github.com/gin-gonic/gin.(*Engine).ServeHTTP
	/Users/charles/go/pkg/mod/github.com/gin-gonic/gin@v1.10.0/gin.go:589
net/http.serverHandler.ServeHTTP
	/Applications/ServBay/package/go/1.24/1.24.3/src/net/http/server.go:3301
net/http.(*conn).serve
	/Applications/ServBay/package/go/1.24/1.24.3/src/net/http/server.go:2102
[github.com/flipped-aurora/gin-vue-admin/server]2026-03-26 11:07:51.703	[31merror[0m	/Users/charles/Documents/notepad/gin-vue-admin/server/api/v1/starNote/user_account.go:67	登录失败!	{"error": "record not found"}
github.com/flipped-aurora/gin-vue-admin/server/api/v1/starNote.(*UserAccountApi).Login
	/Users/charles/Documents/notepad/gin-vue-admin/server/api/v1/starNote/user_account.go:67
github.com/gin-gonic/gin.(*Context).Next
	/Users/charles/go/pkg/mod/github.com/gin-gonic/gin@v1.10.0/context.go:185
github.com/gin-gonic/gin.LoggerWithConfig.func1
	/Users/charles/go/pkg/mod/github.com/gin-gonic/gin@v1.10.0/logger.go:249
github.com/gin-gonic/gin.(*Context).Next
	/Users/charles/go/pkg/mod/github.com/gin-gonic/gin@v1.10.0/context.go:185
github.com/flipped-aurora/gin-vue-admin/server/initialize.Routers.GinRecovery.func7
	/Users/charles/Documents/notepad/gin-vue-admin/server/middleware/error.go:78
github.com/gin-gonic/gin.(*Context).Next
	/Users/charles/go/pkg/mod/github.com/gin-gonic/gin@v1.10.0/context.go:185
github.com/gin-gonic/gin.(*Engine).handleHTTPRequest
	/Users/charles/go/pkg/mod/github.com/gin-gonic/gin@v1.10.0/gin.go:633
github.com/gin-gonic/gin.(*Engine).ServeHTTP
	/Users/charles/go/pkg/mod/github.com/gin-gonic/gin@v1.10.0/gin.go:589
net/http.serverHandler.ServeHTTP
	/Applications/ServBay/package/go/1.24/1.24.3/src/net/http/server.go:3301
net/http.(*conn).serve
	/Applications/ServBay/package/go/1.24/1.24.3/src/net/http/server.go:2102
[github.com/flipped-aurora/gin-vue-admin/server]2026-03-26 11:09:06.274	[31merror[0m	/Users/charles/Documents/notepad/gin-vue-admin/server/api/v1/starNote/user_account.go:67	登录失败!	{"error": "record not found"}
github.com/flipped-aurora/gin-vue-admin/server/api/v1/starNote.(*UserAccountApi).Login
	/Users/charles/Documents/notepad/gin-vue-admin/server/api/v1/starNote/user_account.go:67
github.com/gin-gonic/gin.(*Context).Next
	/Users/charles/go/pkg/mod/github.com/gin-gonic/gin@v1.10.0/context.go:185
github.com/gin-gonic/gin.LoggerWithConfig.func1
	/Users/charles/go/pkg/mod/github.com/gin-gonic/gin@v1.10.0/logger.go:249
github.com/gin-gonic/gin.(*Context).Next
	/Users/charles/go/pkg/mod/github.com/gin-gonic/gin@v1.10.0/context.go:185
github.com/flipped-aurora/gin-vue-admin/server/initialize.Routers.GinRecovery.func7
	/Users/charles/Documents/notepad/gin-vue-admin/server/middleware/error.go:78
github.com/gin-gonic/gin.(*Context).Next
	/Users/charles/go/pkg/mod/github.com/gin-gonic/gin@v1.10.0/context.go:185
github.com/gin-gonic/gin.(*Engine).handleHTTPRequest
	/Users/charles/go/pkg/mod/github.com/gin-gonic/gin@v1.10.0/gin.go:633
github.com/gin-gonic/gin.(*Engine).ServeHTTP
	/Users/charles/go/pkg/mod/github.com/gin-gonic/gin@v1.10.0/gin.go:589
net/http.serverHandler.ServeHTTP
	/Applications/ServBay/package/go/1.24/1.24.3/src/net/http/server.go:3301
net/http.(*conn).serve
	/Applications/ServBay/package/go/1.24/1.24.3/src/net/http/server.go:2102
[github.com/flipped-aurora/gin-vue-admin/server]2026-03-26 11:10:05.157	[31merror[0m	/Users/charles/Documents/notepad/gin-vue-admin/server/api/v1/starNote/user_account.go:67	登录失败!	{"error": "password incorrect"}
github.com/flipped-aurora/gin-vue-admin/server/api/v1/starNote.(*UserAccountApi).Login
	/Users/charles/Documents/notepad/gin-vue-admin/server/api/v1/starNote/user_account.go:67
github.com/gin-gonic/gin.(*Context).Next
	/Users/charles/go/pkg/mod/github.com/gin-gonic/gin@v1.10.0/context.go:185
github.com/gin-gonic/gin.LoggerWithConfig.func1
	/Users/charles/go/pkg/mod/github.com/gin-gonic/gin@v1.10.0/logger.go:249
github.com/gin-gonic/gin.(*Context).Next
	/Users/charles/go/pkg/mod/github.com/gin-gonic/gin@v1.10.0/context.go:185
github.com/flipped-aurora/gin-vue-admin/server/initialize.Routers.GinRecovery.func7
	/Users/charles/Documents/notepad/gin-vue-admin/server/middleware/error.go:78
github.com/gin-gonic/gin.(*Context).Next
	/Users/charles/go/pkg/mod/github.com/gin-gonic/gin@v1.10.0/context.go:185
github.com/gin-gonic/gin.(*Engine).handleHTTPRequest
	/Users/charles/go/pkg/mod/github.com/gin-gonic/gin@v1.10.0/gin.go:633
github.com/gin-gonic/gin.(*Engine).ServeHTTP
	/Users/charles/go/pkg/mod/github.com/gin-gonic/gin@v1.10.0/gin.go:589
net/http.serverHandler.ServeHTTP
	/Applications/ServBay/package/go/1.24/1.24.3/src/net/http/server.go:3301
net/http.(*conn).serve
	/Applications/ServBay/package/go/1.24/1.24.3/src/net/http/server.go:2102
[github.com/flipped-aurora/gin-vue-admin/server]2026-03-26 11:10:10.134	[31merror[0m	/Users/charles/Documents/notepad/gin-vue-admin/server/api/v1/starNote/user_account.go:67	登录失败!	{"error": "password incorrect"}
github.com/flipped-aurora/gin-vue-admin/server/api/v1/starNote.(*UserAccountApi).Login
	/Users/charles/Documents/notepad/gin-vue-admin/server/api/v1/starNote/user_account.go:67
github.com/gin-gonic/gin.(*Context).Next
	/Users/charles/go/pkg/mod/github.com/gin-gonic/gin@v1.10.0/context.go:185
github.com/gin-gonic/gin.LoggerWithConfig.func1
	/Users/charles/go/pkg/mod/github.com/gin-gonic/gin@v1.10.0/logger.go:249
github.com/gin-gonic/gin.(*Context).Next
	/Users/charles/go/pkg/mod/github.com/gin-gonic/gin@v1.10.0/context.go:185
github.com/flipped-aurora/gin-vue-admin/server/initialize.Routers.GinRecovery.func7
	/Users/charles/Documents/notepad/gin-vue-admin/server/middleware/error.go:78
github.com/gin-gonic/gin.(*Context).Next
	/Users/charles/go/pkg/mod/github.com/gin-gonic/gin@v1.10.0/context.go:185
github.com/gin-gonic/gin.(*Engine).handleHTTPRequest
	/Users/charles/go/pkg/mod/github.com/gin-gonic/gin@v1.10.0/gin.go:633
github.com/gin-gonic/gin.(*Engine).ServeHTTP
	/Users/charles/go/pkg/mod/github.com/gin-gonic/gin@v1.10.0/gin.go:589
net/http.serverHandler.ServeHTTP
	/Applications/ServBay/package/go/1.24/1.24.3/src/net/http/server.go:3301
net/http.(*conn).serve
	/Applications/ServBay/package/go/1.24/1.24.3/src/net/http/server.go:2102
[github.com/flipped-aurora/gin-vue-admin/server]2026-03-26 11:10:32.175	[31merror[0m	/Users/charles/Documents/notepad/gin-vue-admin/server/api/v1/starNote/user_account.go:67	登录失败!	{"error": "password incorrect"}
github.com/flipped-aurora/gin-vue-admin/server/api/v1/starNote.(*UserAccountApi).Login
	/Users/charles/Documents/notepad/gin-vue-admin/server/api/v1/starNote/user_account.go:67
github.com/gin-gonic/gin.(*Context).Next
	/Users/charles/go/pkg/mod/github.com/gin-gonic/gin@v1.10.0/context.go:185
github.com/gin-gonic/gin.LoggerWithConfig.func1
	/Users/charles/go/pkg/mod/github.com/gin-gonic/gin@v1.10.0/logger.go:249
github.com/gin-gonic/gin.(*Context).Next
	/Users/charles/go/pkg/mod/github.com/gin-gonic/gin@v1.10.0/context.go:185
github.com/flipped-aurora/gin-vue-admin/server/initialize.Routers.GinRecovery.func7
	/Users/charles/Documents/notepad/gin-vue-admin/server/middleware/error.go:78
github.com/gin-gonic/gin.(*Context).Next
	/Users/charles/go/pkg/mod/github.com/gin-gonic/gin@v1.10.0/context.go:185
github.com/gin-gonic/gin.(*Engine).handleHTTPRequest
	/Users/charles/go/pkg/mod/github.com/gin-gonic/gin@v1.10.0/gin.go:633
github.com/gin-gonic/gin.(*Engine).ServeHTTP
	/Users/charles/go/pkg/mod/github.com/gin-gonic/gin@v1.10.0/gin.go:589
net/http.serverHandler.ServeHTTP
	/Applications/ServBay/package/go/1.24/1.24.3/src/net/http/server.go:3301
net/http.(*conn).serve
	/Applications/ServBay/package/go/1.24/1.24.3/src/net/http/server.go:2102
[github.com/flipped-aurora/gin-vue-admin/server]2026-03-26 11:10:37.485	[31merror[0m	/Users/charles/Documents/notepad/gin-vue-admin/server/api/v1/starNote/user_account.go:67	登录失败!	{"error": "password incorrect"}
github.com/flipped-aurora/gin-vue-admin/server/api/v1/starNote.(*UserAccountApi).Login
	/Users/charles/Documents/notepad/gin-vue-admin/server/api/v1/starNote/user_account.go:67
github.com/gin-gonic/gin.(*Context).Next
	/Users/charles/go/pkg/mod/github.com/gin-gonic/gin@v1.10.0/context.go:185
github.com/gin-gonic/gin.LoggerWithConfig.func1
	/Users/charles/go/pkg/mod/github.com/gin-gonic/gin@v1.10.0/logger.go:249
github.com/gin-gonic/gin.(*Context).Next
	/Users/charles/go/pkg/mod/github.com/gin-gonic/gin@v1.10.0/context.go:185
github.com/flipped-aurora/gin-vue-admin/server/initialize.Routers.GinRecovery.func7
	/Users/charles/Documents/notepad/gin-vue-admin/server/middleware/error.go:78
github.com/gin-gonic/gin.(*Context).Next
	/Users/charles/go/pkg/mod/github.com/gin-gonic/gin@v1.10.0/context.go:185
github.com/gin-gonic/gin.(*Engine).handleHTTPRequest
	/Users/charles/go/pkg/mod/github.com/gin-gonic/gin@v1.10.0/gin.go:633
github.com/gin-gonic/gin.(*Engine).ServeHTTP
	/Users/charles/go/pkg/mod/github.com/gin-gonic/gin@v1.10.0/gin.go:589
net/http.serverHandler.ServeHTTP
	/Applications/ServBay/package/go/1.24/1.24.3/src/net/http/server.go:3301
net/http.(*conn).serve
	/Applications/ServBay/package/go/1.24/1.24.3/src/net/http/server.go:2102
[github.com/flipped-aurora/gin-vue-admin/server]2026-03-26 11:12:24.369	[31merror[0m	/Users/charles/Documents/notepad/gin-vue-admin/server/api/v1/starNote/user_account.go:67	登录失败!	{"error": "password incorrect"}
github.com/flipped-aurora/gin-vue-admin/server/api/v1/starNote.(*UserAccountApi).Login
	/Users/charles/Documents/notepad/gin-vue-admin/server/api/v1/starNote/user_account.go:67
github.com/gin-gonic/gin.(*Context).Next
	/Users/charles/go/pkg/mod/github.com/gin-gonic/gin@v1.10.0/context.go:185
github.com/gin-gonic/gin.LoggerWithConfig.func1
	/Users/charles/go/pkg/mod/github.com/gin-gonic/gin@v1.10.0/logger.go:249
github.com/gin-gonic/gin.(*Context).Next
	/Users/charles/go/pkg/mod/github.com/gin-gonic/gin@v1.10.0/context.go:185
github.com/flipped-aurora/gin-vue-admin/server/initialize.Routers.GinRecovery.func7
	/Users/charles/Documents/notepad/gin-vue-admin/server/middleware/error.go:78
github.com/gin-gonic/gin.(*Context).Next
	/Users/charles/go/pkg/mod/github.com/gin-gonic/gin@v1.10.0/context.go:185
github.com/gin-gonic/gin.(*Engine).handleHTTPRequest
	/Users/charles/go/pkg/mod/github.com/gin-gonic/gin@v1.10.0/gin.go:633
github.com/gin-gonic/gin.(*Engine).ServeHTTP
	/Users/charles/go/pkg/mod/github.com/gin-gonic/gin@v1.10.0/gin.go:589
net/http.serverHandler.ServeHTTP
	/Applications/ServBay/package/go/1.24/1.24.3/src/net/http/server.go:3301
net/http.(*conn).serve
	/Applications/ServBay/package/go/1.24/1.24.3/src/net/http/server.go:2102
[github.com/flipped-aurora/gin-vue-admin/server]2026-03-26 11:14:32.568	[31merror[0m	/Users/charles/Documents/notepad/gin-vue-admin/server/api/v1/starNote/user_account.go:67	登录失败!	{"error": "password incorrect"}
github.com/flipped-aurora/gin-vue-admin/server/api/v1/starNote.(*UserAccountApi).Login
	/Users/charles/Documents/notepad/gin-vue-admin/server/api/v1/starNote/user_account.go:67
github.com/gin-gonic/gin.(*Context).Next
	/Users/charles/go/pkg/mod/github.com/gin-gonic/gin@v1.10.0/context.go:185
github.com/gin-gonic/gin.LoggerWithConfig.func1
	/Users/charles/go/pkg/mod/github.com/gin-gonic/gin@v1.10.0/logger.go:249
github.com/gin-gonic/gin.(*Context).Next
	/Users/charles/go/pkg/mod/github.com/gin-gonic/gin@v1.10.0/context.go:185
github.com/flipped-aurora/gin-vue-admin/server/initialize.Routers.GinRecovery.func7
	/Users/charles/Documents/notepad/gin-vue-admin/server/middleware/error.go:78
github.com/gin-gonic/gin.(*Context).Next
	/Users/charles/go/pkg/mod/github.com/gin-gonic/gin@v1.10.0/context.go:185
github.com/gin-gonic/gin.(*Engine).handleHTTPRequest
	/Users/charles/go/pkg/mod/github.com/gin-gonic/gin@v1.10.0/gin.go:633
github.com/gin-gonic/gin.(*Engine).ServeHTTP
	/Users/charles/go/pkg/mod/github.com/gin-gonic/gin@v1.10.0/gin.go:589
net/http.serverHandler.ServeHTTP
	/Applications/ServBay/package/go/1.24/1.24.3/src/net/http/server.go:3301
net/http.(*conn).serve
	/Applications/ServBay/package/go/1.24/1.24.3/src/net/http/server.go:2102
[github.com/flipped-aurora/gin-vue-admin/server]2026-03-26 11:15:16.230	[31merror[0m	/Users/charles/Documents/notepad/gin-vue-admin/server/api/v1/starNote/user_account.go:174	修改密码失败!	{"error": "emailCode invalid"}
github.com/flipped-aurora/gin-vue-admin/server/api/v1/starNote.(*UserAccountApi).ChangePassword
	/Users/charles/Documents/notepad/gin-vue-admin/server/api/v1/starNote/user_account.go:174
github.com/gin-gonic/gin.(*Context).Next
	/Users/charles/go/pkg/mod/github.com/gin-gonic/gin@v1.10.0/context.go:185
github.com/gin-gonic/gin.LoggerWithConfig.func1
	/Users/charles/go/pkg/mod/github.com/gin-gonic/gin@v1.10.0/logger.go:249
github.com/gin-gonic/gin.(*Context).Next
	/Users/charles/go/pkg/mod/github.com/gin-gonic/gin@v1.10.0/context.go:185
github.com/flipped-aurora/gin-vue-admin/server/initialize.Routers.GinRecovery.func7
	/Users/charles/Documents/notepad/gin-vue-admin/server/middleware/error.go:78
github.com/gin-gonic/gin.(*Context).Next
	/Users/charles/go/pkg/mod/github.com/gin-gonic/gin@v1.10.0/context.go:185
github.com/gin-gonic/gin.(*Engine).handleHTTPRequest
	/Users/charles/go/pkg/mod/github.com/gin-gonic/gin@v1.10.0/gin.go:633
github.com/gin-gonic/gin.(*Engine).ServeHTTP
	/Users/charles/go/pkg/mod/github.com/gin-gonic/gin@v1.10.0/gin.go:589
net/http.serverHandler.ServeHTTP
	/Applications/ServBay/package/go/1.24/1.24.3/src/net/http/server.go:3301
net/http.(*conn).serve
	/Applications/ServBay/package/go/1.24/1.24.3/src/net/http/server.go:2102
[github.com/flipped-aurora/gin-vue-admin/server]2026-03-26 11:15:19.506	[31merror[0m	/Users/charles/Documents/notepad/gin-vue-admin/server/api/v1/starNote/user_account.go:67	登录失败!	{"error": "password incorrect"}
github.com/flipped-aurora/gin-vue-admin/server/api/v1/starNote.(*UserAccountApi).Login
	/Users/charles/Documents/notepad/gin-vue-admin/server/api/v1/starNote/user_account.go:67
github.com/gin-gonic/gin.(*Context).Next
	/Users/charles/go/pkg/mod/github.com/gin-gonic/gin@v1.10.0/context.go:185
github.com/gin-gonic/gin.LoggerWithConfig.func1
	/Users/charles/go/pkg/mod/github.com/gin-gonic/gin@v1.10.0/logger.go:249
github.com/gin-gonic/gin.(*Context).Next
	/Users/charles/go/pkg/mod/github.com/gin-gonic/gin@v1.10.0/context.go:185
github.com/flipped-aurora/gin-vue-admin/server/initialize.Routers.GinRecovery.func7
	/Users/charles/Documents/notepad/gin-vue-admin/server/middleware/error.go:78
github.com/gin-gonic/gin.(*Context).Next
	/Users/charles/go/pkg/mod/github.com/gin-gonic/gin@v1.10.0/context.go:185
github.com/gin-gonic/gin.(*Engine).handleHTTPRequest
	/Users/charles/go/pkg/mod/github.com/gin-gonic/gin@v1.10.0/gin.go:633
github.com/gin-gonic/gin.(*Engine).ServeHTTP
	/Users/charles/go/pkg/mod/github.com/gin-gonic/gin@v1.10.0/gin.go:589
net/http.serverHandler.ServeHTTP
	/Applications/ServBay/package/go/1.24/1.24.3/src/net/http/server.go:3301
net/http.(*conn).serve
	/Applications/ServBay/package/go/1.24/1.24.3/src/net/http/server.go:2102
[github.com/flipped-aurora/gin-vue-admin/server]2026-03-26 11:17:12.993	[31merror[0m	/Users/charles/Documents/notepad/gin-vue-admin/server/api/v1/starNote/user_account.go:67	登录失败!	{"error": "password incorrect"}
github.com/flipped-aurora/gin-vue-admin/server/api/v1/starNote.(*UserAccountApi).Login
	/Users/charles/Documents/notepad/gin-vue-admin/server/api/v1/starNote/user_account.go:67
github.com/gin-gonic/gin.(*Context).Next
	/Users/charles/go/pkg/mod/github.com/gin-gonic/gin@v1.10.0/context.go:185
github.com/gin-gonic/gin.LoggerWithConfig.func1
	/Users/charles/go/pkg/mod/github.com/gin-gonic/gin@v1.10.0/logger.go:249
github.com/gin-gonic/gin.(*Context).Next
	/Users/charles/go/pkg/mod/github.com/gin-gonic/gin@v1.10.0/context.go:185
github.com/flipped-aurora/gin-vue-admin/server/initialize.Routers.GinRecovery.func7
	/Users/charles/Documents/notepad/gin-vue-admin/server/middleware/error.go:78
github.com/gin-gonic/gin.(*Context).Next
	/Users/charles/go/pkg/mod/github.com/gin-gonic/gin@v1.10.0/context.go:185
github.com/gin-gonic/gin.(*Engine).handleHTTPRequest
	/Users/charles/go/pkg/mod/github.com/gin-gonic/gin@v1.10.0/gin.go:633
github.com/gin-gonic/gin.(*Engine).ServeHTTP
	/Users/charles/go/pkg/mod/github.com/gin-gonic/gin@v1.10.0/gin.go:589
net/http.serverHandler.ServeHTTP
	/Applications/ServBay/package/go/1.24/1.24.3/src/net/http/server.go:3301
net/http.(*conn).serve
	/Applications/ServBay/package/go/1.24/1.24.3/src/net/http/server.go:2102
[github.com/flipped-aurora/gin-vue-admin/server]2026-03-26 11:17:47.891	[31merror[0m	/Users/charles/Documents/notepad/gin-vue-admin/server/api/v1/starNote/user_account.go:210	注册失败!	{"error": "emailCode invalid"}
github.com/flipped-aurora/gin-vue-admin/server/api/v1/starNote.(*UserAccountApi).Register
	/Users/charles/Documents/notepad/gin-vue-admin/server/api/v1/starNote/user_account.go:210
github.com/gin-gonic/gin.(*Context).Next
	/Users/charles/go/pkg/mod/github.com/gin-gonic/gin@v1.10.0/context.go:185
github.com/gin-gonic/gin.LoggerWithConfig.func1
	/Users/charles/go/pkg/mod/github.com/gin-gonic/gin@v1.10.0/logger.go:249
github.com/gin-gonic/gin.(*Context).Next
	/Users/charles/go/pkg/mod/github.com/gin-gonic/gin@v1.10.0/context.go:185
github.com/flipped-aurora/gin-vue-admin/server/initialize.Routers.GinRecovery.func7
	/Users/charles/Documents/notepad/gin-vue-admin/server/middleware/error.go:78
github.com/gin-gonic/gin.(*Context).Next
	/Users/charles/go/pkg/mod/github.com/gin-gonic/gin@v1.10.0/context.go:185
github.com/gin-gonic/gin.(*Engine).handleHTTPRequest
	/Users/charles/go/pkg/mod/github.com/gin-gonic/gin@v1.10.0/gin.go:633
github.com/gin-gonic/gin.(*Engine).ServeHTTP
	/Users/charles/go/pkg/mod/github.com/gin-gonic/gin@v1.10.0/gin.go:589
net/http.serverHandler.ServeHTTP
	/Applications/ServBay/package/go/1.24/1.24.3/src/net/http/server.go:3301
net/http.(*conn).serve
	/Applications/ServBay/package/go/1.24/1.24.3/src/net/http/server.go:2102
[github.com/flipped-aurora/gin-vue-admin/server]2026-03-26 11:18:19.631	[31merror[0m	/Users/charles/Documents/notepad/gin-vue-admin/server/api/v1/starNote/user_account.go:210	注册失败!	{"error": "emailPhone already exists"}
github.com/flipped-aurora/gin-vue-admin/server/api/v1/starNote.(*UserAccountApi).Register
	/Users/charles/Documents/notepad/gin-vue-admin/server/api/v1/starNote/user_account.go:210
github.com/gin-gonic/gin.(*Context).Next
	/Users/charles/go/pkg/mod/github.com/gin-gonic/gin@v1.10.0/context.go:185
github.com/gin-gonic/gin.LoggerWithConfig.func1
	/Users/charles/go/pkg/mod/github.com/gin-gonic/gin@v1.10.0/logger.go:249
github.com/gin-gonic/gin.(*Context).Next
	/Users/charles/go/pkg/mod/github.com/gin-gonic/gin@v1.10.0/context.go:185
github.com/flipped-aurora/gin-vue-admin/server/initialize.Routers.GinRecovery.func7
	/Users/charles/Documents/notepad/gin-vue-admin/server/middleware/error.go:78
github.com/gin-gonic/gin.(*Context).Next
	/Users/charles/go/pkg/mod/github.com/gin-gonic/gin@v1.10.0/context.go:185
github.com/gin-gonic/gin.(*Engine).handleHTTPRequest
	/Users/charles/go/pkg/mod/github.com/gin-gonic/gin@v1.10.0/gin.go:633
github.com/gin-gonic/gin.(*Engine).ServeHTTP
	/Users/charles/go/pkg/mod/github.com/gin-gonic/gin@v1.10.0/gin.go:589
net/http.serverHandler.ServeHTTP
	/Applications/ServBay/package/go/1.24/1.24.3/src/net/http/server.go:3301
net/http.(*conn).serve
	/Applications/ServBay/package/go/1.24/1.24.3/src/net/http/server.go:2102
[github.com/flipped-aurora/gin-vue-admin/server]2026-03-26 11:18:27.394	[31merror[0m	/Users/charles/Documents/notepad/gin-vue-admin/server/api/v1/starNote/user_account.go:210	注册失败!	{"error": "emailCode invalid"}
github.com/flipped-aurora/gin-vue-admin/server/api/v1/starNote.(*UserAccountApi).Register
	/Users/charles/Documents/notepad/gin-vue-admin/server/api/v1/starNote/user_account.go:210
github.com/gin-gonic/gin.(*Context).Next
	/Users/charles/go/pkg/mod/github.com/gin-gonic/gin@v1.10.0/context.go:185
github.com/gin-gonic/gin.LoggerWithConfig.func1
	/Users/charles/go/pkg/mod/github.com/gin-gonic/gin@v1.10.0/logger.go:249
github.com/gin-gonic/gin.(*Context).Next
	/Users/charles/go/pkg/mod/github.com/gin-gonic/gin@v1.10.0/context.go:185
github.com/flipped-aurora/gin-vue-admin/server/initialize.Routers.GinRecovery.func7
	/Users/charles/Documents/notepad/gin-vue-admin/server/middleware/error.go:78
github.com/gin-gonic/gin.(*Context).Next
	/Users/charles/go/pkg/mod/github.com/gin-gonic/gin@v1.10.0/context.go:185
github.com/gin-gonic/gin.(*Engine).handleHTTPRequest
	/Users/charles/go/pkg/mod/github.com/gin-gonic/gin@v1.10.0/gin.go:633
github.com/gin-gonic/gin.(*Engine).ServeHTTP
	/Users/charles/go/pkg/mod/github.com/gin-gonic/gin@v1.10.0/gin.go:589
net/http.serverHandler.ServeHTTP
	/Applications/ServBay/package/go/1.24/1.24.3/src/net/http/server.go:3301
net/http.(*conn).serve
	/Applications/ServBay/package/go/1.24/1.24.3/src/net/http/server.go:2102
[github.com/flipped-aurora/gin-vue-admin/server]2026-03-26 11:18:53.532	[31merror[0m	/Users/charles/Documents/notepad/gin-vue-admin/server/api/v1/starNote/user_account.go:210	注册失败!	{"error": "emailCode invalid"}
github.com/flipped-aurora/gin-vue-admin/server/api/v1/starNote.(*UserAccountApi).Register
	/Users/charles/Documents/notepad/gin-vue-admin/server/api/v1/starNote/user_account.go:210
github.com/gin-gonic/gin.(*Context).Next
	/Users/charles/go/pkg/mod/github.com/gin-gonic/gin@v1.10.0/context.go:185
github.com/gin-gonic/gin.LoggerWithConfig.func1
	/Users/charles/go/pkg/mod/github.com/gin-gonic/gin@v1.10.0/logger.go:249
github.com/gin-gonic/gin.(*Context).Next
	/Users/charles/go/pkg/mod/github.com/gin-gonic/gin@v1.10.0/context.go:185
github.com/flipped-aurora/gin-vue-admin/server/initialize.Routers.GinRecovery.func7
	/Users/charles/Documents/notepad/gin-vue-admin/server/middleware/error.go:78
github.com/gin-gonic/gin.(*Context).Next
	/Users/charles/go/pkg/mod/github.com/gin-gonic/gin@v1.10.0/context.go:185
github.com/gin-gonic/gin.(*Engine).handleHTTPRequest
	/Users/charles/go/pkg/mod/github.com/gin-gonic/gin@v1.10.0/gin.go:633
github.com/gin-gonic/gin.(*Engine).ServeHTTP
	/Users/charles/go/pkg/mod/github.com/gin-gonic/gin@v1.10.0/gin.go:589
net/http.serverHandler.ServeHTTP
	/Applications/ServBay/package/go/1.24/1.24.3/src/net/http/server.go:3301
net/http.(*conn).serve
	/Applications/ServBay/package/go/1.24/1.24.3/src/net/http/server.go:2102
[github.com/flipped-aurora/gin-vue-admin/server]2026-03-26 11:20:05.077	[31merror[0m	/Users/charles/Documents/notepad/gin-vue-admin/server/api/v1/starNote/user_account.go:67	登录失败!	{"error": "password incorrect"}
github.com/flipped-aurora/gin-vue-admin/server/api/v1/starNote.(*UserAccountApi).Login
	/Users/charles/Documents/notepad/gin-vue-admin/server/api/v1/starNote/user_account.go:67
github.com/gin-gonic/gin.(*Context).Next
	/Users/charles/go/pkg/mod/github.com/gin-gonic/gin@v1.10.0/context.go:185
github.com/gin-gonic/gin.LoggerWithConfig.func1
	/Users/charles/go/pkg/mod/github.com/gin-gonic/gin@v1.10.0/logger.go:249
github.com/gin-gonic/gin.(*Context).Next
	/Users/charles/go/pkg/mod/github.com/gin-gonic/gin@v1.10.0/context.go:185
github.com/flipped-aurora/gin-vue-admin/server/initialize.Routers.GinRecovery.func7
	/Users/charles/Documents/notepad/gin-vue-admin/server/middleware/error.go:78
github.com/gin-gonic/gin.(*Context).Next
	/Users/charles/go/pkg/mod/github.com/gin-gonic/gin@v1.10.0/context.go:185
github.com/gin-gonic/gin.(*Engine).handleHTTPRequest
	/Users/charles/go/pkg/mod/github.com/gin-gonic/gin@v1.10.0/gin.go:633
github.com/gin-gonic/gin.(*Engine).ServeHTTP
	/Users/charles/go/pkg/mod/github.com/gin-gonic/gin@v1.10.0/gin.go:589
net/http.serverHandler.ServeHTTP
	/Applications/ServBay/package/go/1.24/1.24.3/src/net/http/server.go:3301
net/http.(*conn).serve
	/Applications/ServBay/package/go/1.24/1.24.3/src/net/http/server.go:2102
[github.com/flipped-aurora/gin-vue-admin/server]2026-03-26 11:20:10.549	[31merror[0m	/Users/charles/Documents/notepad/gin-vue-admin/server/api/v1/starNote/user_account.go:67	登录失败!	{"error": "password incorrect"}
github.com/flipped-aurora/gin-vue-admin/server/api/v1/starNote.(*UserAccountApi).Login
	/Users/charles/Documents/notepad/gin-vue-admin/server/api/v1/starNote/user_account.go:67
github.com/gin-gonic/gin.(*Context).Next
	/Users/charles/go/pkg/mod/github.com/gin-gonic/gin@v1.10.0/context.go:185
github.com/gin-gonic/gin.LoggerWithConfig.func1
	/Users/charles/go/pkg/mod/github.com/gin-gonic/gin@v1.10.0/logger.go:249
github.com/gin-gonic/gin.(*Context).Next
	/Users/charles/go/pkg/mod/github.com/gin-gonic/gin@v1.10.0/context.go:185
github.com/flipped-aurora/gin-vue-admin/server/initialize.Routers.GinRecovery.func7
	/Users/charles/Documents/notepad/gin-vue-admin/server/middleware/error.go:78
github.com/gin-gonic/gin.(*Context).Next
	/Users/charles/go/pkg/mod/github.com/gin-gonic/gin@v1.10.0/context.go:185
github.com/gin-gonic/gin.(*Engine).handleHTTPRequest
	/Users/charles/go/pkg/mod/github.com/gin-gonic/gin@v1.10.0/gin.go:633
github.com/gin-gonic/gin.(*Engine).ServeHTTP
	/Users/charles/go/pkg/mod/github.com/gin-gonic/gin@v1.10.0/gin.go:589
net/http.serverHandler.ServeHTTP
	/Applications/ServBay/package/go/1.24/1.24.3/src/net/http/server.go:3301
net/http.(*conn).serve
	/Applications/ServBay/package/go/1.24/1.24.3/src/net/http/server.go:2102
[github.com/flipped-aurora/gin-vue-admin/server]2026-03-26 11:20:12.632	[31merror[0m	/Users/charles/Documents/notepad/gin-vue-admin/server/api/v1/starNote/user_account.go:67	登录失败!	{"error": "password incorrect"}
github.com/flipped-aurora/gin-vue-admin/server/api/v1/starNote.(*UserAccountApi).Login
	/Users/charles/Documents/notepad/gin-vue-admin/server/api/v1/starNote/user_account.go:67
github.com/gin-gonic/gin.(*Context).Next
	/Users/charles/go/pkg/mod/github.com/gin-gonic/gin@v1.10.0/context.go:185
github.com/gin-gonic/gin.LoggerWithConfig.func1
	/Users/charles/go/pkg/mod/github.com/gin-gonic/gin@v1.10.0/logger.go:249
github.com/gin-gonic/gin.(*Context).Next
	/Users/charles/go/pkg/mod/github.com/gin-gonic/gin@v1.10.0/context.go:185
github.com/flipped-aurora/gin-vue-admin/server/initialize.Routers.GinRecovery.func7
	/Users/charles/Documents/notepad/gin-vue-admin/server/middleware/error.go:78
github.com/gin-gonic/gin.(*Context).Next
	/Users/charles/go/pkg/mod/github.com/gin-gonic/gin@v1.10.0/context.go:185
github.com/gin-gonic/gin.(*Engine).handleHTTPRequest
	/Users/charles/go/pkg/mod/github.com/gin-gonic/gin@v1.10.0/gin.go:633
github.com/gin-gonic/gin.(*Engine).ServeHTTP
	/Users/charles/go/pkg/mod/github.com/gin-gonic/gin@v1.10.0/gin.go:589
net/http.serverHandler.ServeHTTP
	/Applications/ServBay/package/go/1.24/1.24.3/src/net/http/server.go:3301
net/http.(*conn).serve
	/Applications/ServBay/package/go/1.24/1.24.3/src/net/http/server.go:2102
[github.com/flipped-aurora/gin-vue-admin/server]2026-03-26 11:23:42.902	[31merror[0m	/Users/charles/Documents/notepad/gin-vue-admin/server/api/v1/starNote/user_account.go:210	注册失败!	{"error": "emailCode invalid"}
github.com/flipped-aurora/gin-vue-admin/server/api/v1/starNote.(*UserAccountApi).Register
	/Users/charles/Documents/notepad/gin-vue-admin/server/api/v1/starNote/user_account.go:210
github.com/gin-gonic/gin.(*Context).Next
	/Users/charles/go/pkg/mod/github.com/gin-gonic/gin@v1.10.0/context.go:185
github.com/gin-gonic/gin.LoggerWithConfig.func1
	/Users/charles/go/pkg/mod/github.com/gin-gonic/gin@v1.10.0/logger.go:249
github.com/gin-gonic/gin.(*Context).Next
	/Users/charles/go/pkg/mod/github.com/gin-gonic/gin@v1.10.0/context.go:185
github.com/flipped-aurora/gin-vue-admin/server/initialize.Routers.GinRecovery.func7
	/Users/charles/Documents/notepad/gin-vue-admin/server/middleware/error.go:78
github.com/gin-gonic/gin.(*Context).Next
	/Users/charles/go/pkg/mod/github.com/gin-gonic/gin@v1.10.0/context.go:185
github.com/gin-gonic/gin.(*Engine).handleHTTPRequest
	/Users/charles/go/pkg/mod/github.com/gin-gonic/gin@v1.10.0/gin.go:633
github.com/gin-gonic/gin.(*Engine).ServeHTTP
	/Users/charles/go/pkg/mod/github.com/gin-gonic/gin@v1.10.0/gin.go:589
net/http.serverHandler.ServeHTTP
	/Applications/ServBay/package/go/1.24/1.24.3/src/net/http/server.go:3301
net/http.(*conn).serve
	/Applications/ServBay/package/go/1.24/1.24.3/src/net/http/server.go:2102
[github.com/flipped-aurora/gin-vue-admin/server]2026-03-26 11:25:08.483	[31merror[0m	/Users/charles/Documents/notepad/gin-vue-admin/server/api/v1/starNote/user_account.go:67	登录失败!	{"error": "password incorrect"}
github.com/flipped-aurora/gin-vue-admin/server/api/v1/starNote.(*UserAccountApi).Login
	/Users/charles/Documents/notepad/gin-vue-admin/server/api/v1/starNote/user_account.go:67
github.com/gin-gonic/gin.(*Context).Next
	/Users/charles/go/pkg/mod/github.com/gin-gonic/gin@v1.10.0/context.go:185
github.com/gin-gonic/gin.LoggerWithConfig.func1
	/Users/charles/go/pkg/mod/github.com/gin-gonic/gin@v1.10.0/logger.go:249
github.com/gin-gonic/gin.(*Context).Next
	/Users/charles/go/pkg/mod/github.com/gin-gonic/gin@v1.10.0/context.go:185
github.com/flipped-aurora/gin-vue-admin/server/initialize.Routers.GinRecovery.func7
	/Users/charles/Documents/notepad/gin-vue-admin/server/middleware/error.go:78
github.com/gin-gonic/gin.(*Context).Next
	/Users/charles/go/pkg/mod/github.com/gin-gonic/gin@v1.10.0/context.go:185
github.com/gin-gonic/gin.(*Engine).handleHTTPRequest
	/Users/charles/go/pkg/mod/github.com/gin-gonic/gin@v1.10.0/gin.go:633
github.com/gin-gonic/gin.(*Engine).ServeHTTP
	/Users/charles/go/pkg/mod/github.com/gin-gonic/gin@v1.10.0/gin.go:589
net/http.serverHandler.ServeHTTP
	/Applications/ServBay/package/go/1.24/1.24.3/src/net/http/server.go:3301
net/http.(*conn).serve
	/Applications/ServBay/package/go/1.24/1.24.3/src/net/http/server.go:2102
[github.com/flipped-aurora/gin-vue-admin/server]2026-03-26 11:25:14.889	[31merror[0m	/Users/charles/Documents/notepad/gin-vue-admin/server/api/v1/starNote/user_account.go:67	登录失败!	{"error": "password incorrect"}
github.com/flipped-aurora/gin-vue-admin/server/api/v1/starNote.(*UserAccountApi).Login
	/Users/charles/Documents/notepad/gin-vue-admin/server/api/v1/starNote/user_account.go:67
github.com/gin-gonic/gin.(*Context).Next
	/Users/charles/go/pkg/mod/github.com/gin-gonic/gin@v1.10.0/context.go:185
github.com/gin-gonic/gin.LoggerWithConfig.func1
	/Users/charles/go/pkg/mod/github.com/gin-gonic/gin@v1.10.0/logger.go:249
github.com/gin-gonic/gin.(*Context).Next
	/Users/charles/go/pkg/mod/github.com/gin-gonic/gin@v1.10.0/context.go:185
github.com/flipped-aurora/gin-vue-admin/server/initialize.Routers.GinRecovery.func7
	/Users/charles/Documents/notepad/gin-vue-admin/server/middleware/error.go:78
github.com/gin-gonic/gin.(*Context).Next
	/Users/charles/go/pkg/mod/github.com/gin-gonic/gin@v1.10.0/context.go:185
github.com/gin-gonic/gin.(*Engine).handleHTTPRequest
	/Users/charles/go/pkg/mod/github.com/gin-gonic/gin@v1.10.0/gin.go:633
github.com/gin-gonic/gin.(*Engine).ServeHTTP
	/Users/charles/go/pkg/mod/github.com/gin-gonic/gin@v1.10.0/gin.go:589
net/http.serverHandler.ServeHTTP
	/Applications/ServBay/package/go/1.24/1.24.3/src/net/http/server.go:3301
net/http.(*conn).serve
	/Applications/ServBay/package/go/1.24/1.24.3/src/net/http/server.go:2102
[github.com/flipped-aurora/gin-vue-admin/server]2026-03-26 11:25:47.434	[31merror[0m	/Users/charles/Documents/notepad/gin-vue-admin/server/api/v1/starNote/user_account.go:210	注册失败!	{"error": "emailCode invalid"}
github.com/flipped-aurora/gin-vue-admin/server/api/v1/starNote.(*UserAccountApi).Register
	/Users/charles/Documents/notepad/gin-vue-admin/server/api/v1/starNote/user_account.go:210
github.com/gin-gonic/gin.(*Context).Next
	/Users/charles/go/pkg/mod/github.com/gin-gonic/gin@v1.10.0/context.go:185
github.com/gin-gonic/gin.LoggerWithConfig.func1
	/Users/charles/go/pkg/mod/github.com/gin-gonic/gin@v1.10.0/logger.go:249
github.com/gin-gonic/gin.(*Context).Next
	/Users/charles/go/pkg/mod/github.com/gin-gonic/gin@v1.10.0/context.go:185
github.com/flipped-aurora/gin-vue-admin/server/initialize.Routers.GinRecovery.func7
	/Users/charles/Documents/notepad/gin-vue-admin/server/middleware/error.go:78
github.com/gin-gonic/gin.(*Context).Next
	/Users/charles/go/pkg/mod/github.com/gin-gonic/gin@v1.10.0/context.go:185
github.com/gin-gonic/gin.(*Engine).handleHTTPRequest
	/Users/charles/go/pkg/mod/github.com/gin-gonic/gin@v1.10.0/gin.go:633
github.com/gin-gonic/gin.(*Engine).ServeHTTP
	/Users/charles/go/pkg/mod/github.com/gin-gonic/gin@v1.10.0/gin.go:589
net/http.serverHandler.ServeHTTP
	/Applications/ServBay/package/go/1.24/1.24.3/src/net/http/server.go:3301
net/http.(*conn).serve
	/Applications/ServBay/package/go/1.24/1.24.3/src/net/http/server.go:2102
[github.com/flipped-aurora/gin-vue-admin/server]2026-03-26 11:26:21.534	[31merror[0m	/Users/charles/Documents/notepad/gin-vue-admin/server/api/v1/starNote/user_account.go:210	注册失败!	{"error": "emailCode invalid"}
github.com/flipped-aurora/gin-vue-admin/server/api/v1/starNote.(*UserAccountApi).Register
	/Users/charles/Documents/notepad/gin-vue-admin/server/api/v1/starNote/user_account.go:210
github.com/gin-gonic/gin.(*Context).Next
	/Users/charles/go/pkg/mod/github.com/gin-gonic/gin@v1.10.0/context.go:185
github.com/gin-gonic/gin.LoggerWithConfig.func1
	/Users/charles/go/pkg/mod/github.com/gin-gonic/gin@v1.10.0/logger.go:249
github.com/gin-gonic/gin.(*Context).Next
	/Users/charles/go/pkg/mod/github.com/gin-gonic/gin@v1.10.0/context.go:185
github.com/flipped-aurora/gin-vue-admin/server/initialize.Routers.GinRecovery.func7
	/Users/charles/Documents/notepad/gin-vue-admin/server/middleware/error.go:78
github.com/gin-gonic/gin.(*Context).Next
	/Users/charles/go/pkg/mod/github.com/gin-gonic/gin@v1.10.0/context.go:185
github.com/gin-gonic/gin.(*Engine).handleHTTPRequest
	/Users/charles/go/pkg/mod/github.com/gin-gonic/gin@v1.10.0/gin.go:633
github.com/gin-gonic/gin.(*Engine).ServeHTTP
	/Users/charles/go/pkg/mod/github.com/gin-gonic/gin@v1.10.0/gin.go:589
net/http.serverHandler.ServeHTTP
	/Applications/ServBay/package/go/1.24/1.24.3/src/net/http/server.go:3301
net/http.(*conn).serve
	/Applications/ServBay/package/go/1.24/1.24.3/src/net/http/server.go:2102
[github.com/flipped-aurora/gin-vue-admin/server]2026-03-26 11:28:22.991	[31merror[0m	/Users/charles/Documents/notepad/gin-vue-admin/server/api/v1/starNote/user_account.go:210	注册失败!	{"error": "emailCode invalid"}
github.com/flipped-aurora/gin-vue-admin/server/api/v1/starNote.(*UserAccountApi).Register
	/Users/charles/Documents/notepad/gin-vue-admin/server/api/v1/starNote/user_account.go:210
github.com/gin-gonic/gin.(*Context).Next
	/Users/charles/go/pkg/mod/github.com/gin-gonic/gin@v1.10.0/context.go:185
github.com/gin-gonic/gin.LoggerWithConfig.func1
	/Users/charles/go/pkg/mod/github.com/gin-gonic/gin@v1.10.0/logger.go:249
github.com/gin-gonic/gin.(*Context).Next
	/Users/charles/go/pkg/mod/github.com/gin-gonic/gin@v1.10.0/context.go:185
github.com/flipped-aurora/gin-vue-admin/server/initialize.Routers.GinRecovery.func7
	/Users/charles/Documents/notepad/gin-vue-admin/server/middleware/error.go:78
github.com/gin-gonic/gin.(*Context).Next
	/Users/charles/go/pkg/mod/github.com/gin-gonic/gin@v1.10.0/context.go:185
github.com/gin-gonic/gin.(*Engine).handleHTTPRequest
	/Users/charles/go/pkg/mod/github.com/gin-gonic/gin@v1.10.0/gin.go:633
github.com/gin-gonic/gin.(*Engine).ServeHTTP
	/Users/charles/go/pkg/mod/github.com/gin-gonic/gin@v1.10.0/gin.go:589
net/http.serverHandler.ServeHTTP
	/Applications/ServBay/package/go/1.24/1.24.3/src/net/http/server.go:3301
net/http.(*conn).serve
	/Applications/ServBay/package/go/1.24/1.24.3/src/net/http/server.go:2102
[github.com/flipped-aurora/gin-vue-admin/server]2026-03-26 11:28:51.144	[31merror[0m	/Users/charles/Documents/notepad/gin-vue-admin/server/api/v1/starNote/user_account.go:210	注册失败!	{"error": "emailPhone already exists"}
github.com/flipped-aurora/gin-vue-admin/server/api/v1/starNote.(*UserAccountApi).Register
	/Users/charles/Documents/notepad/gin-vue-admin/server/api/v1/starNote/user_account.go:210
github.com/gin-gonic/gin.(*Context).Next
	/Users/charles/go/pkg/mod/github.com/gin-gonic/gin@v1.10.0/context.go:185
github.com/gin-gonic/gin.LoggerWithConfig.func1
	/Users/charles/go/pkg/mod/github.com/gin-gonic/gin@v1.10.0/logger.go:249
github.com/gin-gonic/gin.(*Context).Next
	/Users/charles/go/pkg/mod/github.com/gin-gonic/gin@v1.10.0/context.go:185
github.com/flipped-aurora/gin-vue-admin/server/initialize.Routers.GinRecovery.func7
	/Users/charles/Documents/notepad/gin-vue-admin/server/middleware/error.go:78
github.com/gin-gonic/gin.(*Context).Next
	/Users/charles/go/pkg/mod/github.com/gin-gonic/gin@v1.10.0/context.go:185
github.com/gin-gonic/gin.(*Engine).handleHTTPRequest
	/Users/charles/go/pkg/mod/github.com/gin-gonic/gin@v1.10.0/gin.go:633
github.com/gin-gonic/gin.(*Engine).ServeHTTP
	/Users/charles/go/pkg/mod/github.com/gin-gonic/gin@v1.10.0/gin.go:589
net/http.serverHandler.ServeHTTP
	/Applications/ServBay/package/go/1.24/1.24.3/src/net/http/server.go:3301
net/http.(*conn).serve
	/Applications/ServBay/package/go/1.24/1.24.3/src/net/http/server.go:2102
[github.com/flipped-aurora/gin-vue-admin/server]2026-03-26 16:28:03.905	[31merror[0m	/Users/charles/Documents/notepad/gin-vue-admin/server/api/v1/starNote/user_account.go:67	登录失败!	{"error": "password incorrect"}
github.com/flipped-aurora/gin-vue-admin/server/api/v1/starNote.(*UserAccountApi).Login
	/Users/charles/Documents/notepad/gin-vue-admin/server/api/v1/starNote/user_account.go:67
github.com/gin-gonic/gin.(*Context).Next
	/Users/charles/go/pkg/mod/github.com/gin-gonic/gin@v1.10.0/context.go:185
github.com/gin-gonic/gin.LoggerWithConfig.func1
	/Users/charles/go/pkg/mod/github.com/gin-gonic/gin@v1.10.0/logger.go:249
github.com/gin-gonic/gin.(*Context).Next
	/Users/charles/go/pkg/mod/github.com/gin-gonic/gin@v1.10.0/context.go:185
github.com/flipped-aurora/gin-vue-admin/server/initialize.Routers.GinRecovery.func7
	/Users/charles/Documents/notepad/gin-vue-admin/server/middleware/error.go:78
github.com/gin-gonic/gin.(*Context).Next
	/Users/charles/go/pkg/mod/github.com/gin-gonic/gin@v1.10.0/context.go:185
github.com/gin-gonic/gin.(*Engine).handleHTTPRequest
	/Users/charles/go/pkg/mod/github.com/gin-gonic/gin@v1.10.0/gin.go:633
github.com/gin-gonic/gin.(*Engine).ServeHTTP
	/Users/charles/go/pkg/mod/github.com/gin-gonic/gin@v1.10.0/gin.go:589
net/http.serverHandler.ServeHTTP
	/Applications/ServBay/package/go/1.24/1.24.3/src/net/http/server.go:3301
net/http.(*conn).serve
	/Applications/ServBay/package/go/1.24/1.24.3/src/net/http/server.go:2102
[github.com/flipped-aurora/gin-vue-admin/server]2026-03-26 16:28:07.981	[31merror[0m	/Users/charles/Documents/notepad/gin-vue-admin/server/api/v1/starNote/user_account.go:67	登录失败!	{"error": "password incorrect"}
github.com/flipped-aurora/gin-vue-admin/server/api/v1/starNote.(*UserAccountApi).Login
	/Users/charles/Documents/notepad/gin-vue-admin/server/api/v1/starNote/user_account.go:67
github.com/gin-gonic/gin.(*Context).Next
	/Users/charles/go/pkg/mod/github.com/gin-gonic/gin@v1.10.0/context.go:185
github.com/gin-gonic/gin.LoggerWithConfig.func1
	/Users/charles/go/pkg/mod/github.com/gin-gonic/gin@v1.10.0/logger.go:249
github.com/gin-gonic/gin.(*Context).Next
	/Users/charles/go/pkg/mod/github.com/gin-gonic/gin@v1.10.0/context.go:185
github.com/flipped-aurora/gin-vue-admin/server/initialize.Routers.GinRecovery.func7
	/Users/charles/Documents/notepad/gin-vue-admin/server/middleware/error.go:78
github.com/gin-gonic/gin.(*Context).Next
	/Users/charles/go/pkg/mod/github.com/gin-gonic/gin@v1.10.0/context.go:185
github.com/gin-gonic/gin.(*Engine).handleHTTPRequest
	/Users/charles/go/pkg/mod/github.com/gin-gonic/gin@v1.10.0/gin.go:633
github.com/gin-gonic/gin.(*Engine).ServeHTTP
	/Users/charles/go/pkg/mod/github.com/gin-gonic/gin@v1.10.0/gin.go:589
net/http.serverHandler.ServeHTTP
	/Applications/ServBay/package/go/1.24/1.24.3/src/net/http/server.go:3301
net/http.(*conn).serve
	/Applications/ServBay/package/go/1.24/1.24.3/src/net/http/server.go:2102
[github.com/flipped-aurora/gin-vue-admin/server]2026-03-26 16:28:22.357	[31merror[0m	/Users/charles/Documents/notepad/gin-vue-admin/server/api/v1/starNote/user_account.go:67	登录失败!	{"error": "password incorrect"}
github.com/flipped-aurora/gin-vue-admin/server/api/v1/starNote.(*UserAccountApi).Login
	/Users/charles/Documents/notepad/gin-vue-admin/server/api/v1/starNote/user_account.go:67
github.com/gin-gonic/gin.(*Context).Next
	/Users/charles/go/pkg/mod/github.com/gin-gonic/gin@v1.10.0/context.go:185
github.com/gin-gonic/gin.LoggerWithConfig.func1
	/Users/charles/go/pkg/mod/github.com/gin-gonic/gin@v1.10.0/logger.go:249
github.com/gin-gonic/gin.(*Context).Next
	/Users/charles/go/pkg/mod/github.com/gin-gonic/gin@v1.10.0/context.go:185
github.com/flipped-aurora/gin-vue-admin/server/initialize.Routers.GinRecovery.func7
	/Users/charles/Documents/notepad/gin-vue-admin/server/middleware/error.go:78
github.com/gin-gonic/gin.(*Context).Next
	/Users/charles/go/pkg/mod/github.com/gin-gonic/gin@v1.10.0/context.go:185
github.com/gin-gonic/gin.(*Engine).handleHTTPRequest
	/Users/charles/go/pkg/mod/github.com/gin-gonic/gin@v1.10.0/gin.go:633
github.com/gin-gonic/gin.(*Engine).ServeHTTP
	/Users/charles/go/pkg/mod/github.com/gin-gonic/gin@v1.10.0/gin.go:589
net/http.serverHandler.ServeHTTP
	/Applications/ServBay/package/go/1.24/1.24.3/src/net/http/server.go:3301
net/http.(*conn).serve
	/Applications/ServBay/package/go/1.24/1.24.3/src/net/http/server.go:2102
[github.com/flipped-aurora/gin-vue-admin/server]2026-03-26 16:28:25.898	[31merror[0m	/Users/charles/Documents/notepad/gin-vue-admin/server/api/v1/starNote/user_account.go:67	登录失败!	{"error": "password incorrect"}
github.com/flipped-aurora/gin-vue-admin/server/api/v1/starNote.(*UserAccountApi).Login
	/Users/charles/Documents/notepad/gin-vue-admin/server/api/v1/starNote/user_account.go:67
github.com/gin-gonic/gin.(*Context).Next
	/Users/charles/go/pkg/mod/github.com/gin-gonic/gin@v1.10.0/context.go:185
github.com/gin-gonic/gin.LoggerWithConfig.func1
	/Users/charles/go/pkg/mod/github.com/gin-gonic/gin@v1.10.0/logger.go:249
github.com/gin-gonic/gin.(*Context).Next
	/Users/charles/go/pkg/mod/github.com/gin-gonic/gin@v1.10.0/context.go:185
github.com/flipped-aurora/gin-vue-admin/server/initialize.Routers.GinRecovery.func7
	/Users/charles/Documents/notepad/gin-vue-admin/server/middleware/error.go:78
github.com/gin-gonic/gin.(*Context).Next
	/Users/charles/go/pkg/mod/github.com/gin-gonic/gin@v1.10.0/context.go:185
github.com/gin-gonic/gin.(*Engine).handleHTTPRequest
	/Users/charles/go/pkg/mod/github.com/gin-gonic/gin@v1.10.0/gin.go:633
github.com/gin-gonic/gin.(*Engine).ServeHTTP
	/Users/charles/go/pkg/mod/github.com/gin-gonic/gin@v1.10.0/gin.go:589
net/http.serverHandler.ServeHTTP
	/Applications/ServBay/package/go/1.24/1.24.3/src/net/http/server.go:3301
net/http.(*conn).serve
	/Applications/ServBay/package/go/1.24/1.24.3/src/net/http/server.go:2102
[github.com/flipped-aurora/gin-vue-admin/server]2026-03-26 16:44:22.579	[31merror[0m	/Users/charles/Documents/notepad/gin-vue-admin/server/api/v1/starNote/user_account.go:174	修改密码失败!	{"error": "emailCode invalid"}
github.com/flipped-aurora/gin-vue-admin/server/api/v1/starNote.(*UserAccountApi).ChangePassword
	/Users/charles/Documents/notepad/gin-vue-admin/server/api/v1/starNote/user_account.go:174
github.com/gin-gonic/gin.(*Context).Next
	/Users/charles/go/pkg/mod/github.com/gin-gonic/gin@v1.10.0/context.go:185
github.com/gin-gonic/gin.LoggerWithConfig.func1
	/Users/charles/go/pkg/mod/github.com/gin-gonic/gin@v1.10.0/logger.go:249
github.com/gin-gonic/gin.(*Context).Next
	/Users/charles/go/pkg/mod/github.com/gin-gonic/gin@v1.10.0/context.go:185
github.com/flipped-aurora/gin-vue-admin/server/initialize.Routers.GinRecovery.func7
	/Users/charles/Documents/notepad/gin-vue-admin/server/middleware/error.go:78
github.com/gin-gonic/gin.(*Context).Next
	/Users/charles/go/pkg/mod/github.com/gin-gonic/gin@v1.10.0/context.go:185
github.com/gin-gonic/gin.(*Engine).handleHTTPRequest
	/Users/charles/go/pkg/mod/github.com/gin-gonic/gin@v1.10.0/gin.go:633
github.com/gin-gonic/gin.(*Engine).ServeHTTP
	/Users/charles/go/pkg/mod/github.com/gin-gonic/gin@v1.10.0/gin.go:589
net/http.serverHandler.ServeHTTP
	/Applications/ServBay/package/go/1.24/1.24.3/src/net/http/server.go:3301
net/http.(*conn).serve
	/Applications/ServBay/package/go/1.24/1.24.3/src/net/http/server.go:2102
[github.com/flipped-aurora/gin-vue-admin/server]2026-03-26 22:00:01.379	[31merror[0m	/Users/charles/Documents/notepad/gin-vue-admin/server/api/v1/starNote/note_category.go:288	更新失败!	{"error": "record not found"}
github.com/flipped-aurora/gin-vue-admin/server/api/v1/starNote.(*NoteCategoryApi).UpdateUserNoteCategory
	/Users/charles/Documents/notepad/gin-vue-admin/server/api/v1/starNote/note_category.go:288
github.com/gin-gonic/gin.(*Context).Next
	/Users/charles/go/pkg/mod/github.com/gin-gonic/gin@v1.10.0/context.go:185
github.com/flipped-aurora/gin-vue-admin/server/router/starNote.(*NoteCategoryRouter).InitNoteCategoryRouter.JWTAuthHeaderOnlyRest.func2
	/Users/charles/Documents/notepad/gin-vue-admin/server/middleware/jwt.go:123
github.com/gin-gonic/gin.(*Context).Next
	/Users/charles/go/pkg/mod/github.com/gin-gonic/gin@v1.10.0/context.go:185
github.com/gin-gonic/gin.LoggerWithConfig.func1
	/Users/charles/go/pkg/mod/github.com/gin-gonic/gin@v1.10.0/logger.go:249
github.com/gin-gonic/gin.(*Context).Next
	/Users/charles/go/pkg/mod/github.com/gin-gonic/gin@v1.10.0/context.go:185
github.com/flipped-aurora/gin-vue-admin/server/initialize.Routers.GinRecovery.func7
	/Users/charles/Documents/notepad/gin-vue-admin/server/middleware/error.go:78
github.com/gin-gonic/gin.(*Context).Next
	/Users/charles/go/pkg/mod/github.com/gin-gonic/gin@v1.10.0/context.go:185
github.com/gin-gonic/gin.(*Engine).handleHTTPRequest
	/Users/charles/go/pkg/mod/github.com/gin-gonic/gin@v1.10.0/gin.go:633
github.com/gin-gonic/gin.(*Engine).ServeHTTP
	/Users/charles/go/pkg/mod/github.com/gin-gonic/gin@v1.10.0/gin.go:589
net/http.serverHandler.ServeHTTP
	/Applications/ServBay/package/go/1.24/1.24.3/src/net/http/server.go:3301
net/http.(*conn).serve
	/Applications/ServBay/package/go/1.24/1.24.3/src/net/http/server.go:2102
