[github.com/flipped-aurora/gin-vue-admin/server]2026-03-26 08:10:32.542	[34minfo[0m	/Users/charles/Documents/notepad/gin-vue-admin/server/core/server_run.go:48	关闭WEB服务...
[github.com/flipped-aurora/gin-vue-admin/server]2026-03-26 08:10:32.544	[34minfo[0m	/Users/charles/Documents/notepad/gin-vue-admin/server/core/server_run.go:59	WEB服务已关闭
[github.com/flipped-aurora/gin-vue-admin/server]2026-03-26 09:15:58.419	[34minfo[0m	/Users/charles/Documents/notepad/gin-vue-admin/server/initialize/gorm.go:86	register table success
[github.com/flipped-aurora/gin-vue-admin/server]2026-03-26 09:15:58.421	[34minfo[0m	/Users/charles/Documents/notepad/gin-vue-admin/server/initialize/router.go:89	register swagger handler
[github.com/flipped-aurora/gin-vue-admin/server]2026-03-26 09:15:58.427	[34minfo[0m	/Users/charles/Documents/notepad/gin-vue-admin/server/initialize/router.go:143	router register success
[github.com/flipped-aurora/gin-vue-admin/server]2026-03-26 09:20:36.438	[34minfo[0m	/Users/charles/Documents/notepad/gin-vue-admin/server/initialize/gorm.go:86	register table success
[github.com/flipped-aurora/gin-vue-admin/server]2026-03-26 09:20:36.438	[34minfo[0m	/Users/charles/Documents/notepad/gin-vue-admin/server/initialize/router.go:89	register swagger handler
[github.com/flipped-aurora/gin-vue-admin/server]2026-03-26 09:20:36.441	[34minfo[0m	/Users/charles/Documents/notepad/gin-vue-admin/server/initialize/router.go:143	router register success
[github.com/flipped-aurora/gin-vue-admin/server]2026-03-26 10:30:58.602	[34minfo[0m	/Users/charles/Documents/notepad/gin-vue-admin/server/initialize/gorm.go:86	register table success
[github.com/flipped-aurora/gin-vue-admin/server]2026-03-26 10:30:58.603	[34minfo[0m	/Users/charles/Documents/notepad/gin-vue-admin/server/initialize/router.go:89	register swagger handler
[github.com/flipped-aurora/gin-vue-admin/server]2026-03-26 10:30:58.606	[34minfo[0m	/Users/charles/Documents/notepad/gin-vue-admin/server/initialize/router.go:143	router register success
[github.com/flipped-aurora/gin-vue-admin/server]2026-03-26 10:40:25.142	[34minfo[0m	/Users/charles/Documents/notepad/gin-vue-admin/server/initialize/gorm.go:86	register table success
[github.com/flipped-aurora/gin-vue-admin/server]2026-03-26 10:40:25.143	[34minfo[0m	/Users/charles/Documents/notepad/gin-vue-admin/server/initialize/router.go:93	register swagger handler
[github.com/flipped-aurora/gin-vue-admin/server]2026-03-26 10:40:25.147	[34minfo[0m	/Users/charles/Documents/notepad/gin-vue-admin/server/initialize/router.go:147	router register success
[github.com/flipped-aurora/gin-vue-admin/server]2026-03-26 11:09:54.172	[34minfo[0m	/Users/charles/Documents/notepad/gin-vue-admin/server/initialize/gorm.go:86	register table success
[github.com/flipped-aurora/gin-vue-admin/server]2026-03-26 11:09:54.174	[34minfo[0m	/Users/charles/Documents/notepad/gin-vue-admin/server/initialize/router.go:93	register swagger handler
[github.com/flipped-aurora/gin-vue-admin/server]2026-03-26 11:09:54.179	[34minfo[0m	/Users/charles/Documents/notepad/gin-vue-admin/server/initialize/router.go:147	router register success
[github.com/flipped-aurora/gin-vue-admin/server]2026-03-26 11:17:01.942	[34minfo[0m	/Users/charles/Documents/notepad/gin-vue-admin/server/initialize/gorm.go:86	register table success
[github.com/flipped-aurora/gin-vue-admin/server]2026-03-26 11:17:01.943	[34minfo[0m	/Users/charles/Documents/notepad/gin-vue-admin/server/initialize/router.go:93	register swagger handler
[github.com/flipped-aurora/gin-vue-admin/server]2026-03-26 11:17:01.946	[34minfo[0m	/Users/charles/Documents/notepad/gin-vue-admin/server/initialize/router.go:147	router register success
[github.com/flipped-aurora/gin-vue-admin/server]2026-03-26 11:19:55.743	[34minfo[0m	/Users/charles/Documents/notepad/gin-vue-admin/server/initialize/gorm.go:86	register table success
[github.com/flipped-aurora/gin-vue-admin/server]2026-03-26 11:19:55.744	[34minfo[0m	/Users/charles/Documents/notepad/gin-vue-admin/server/initialize/router.go:93	register swagger handler
[github.com/flipped-aurora/gin-vue-admin/server]2026-03-26 11:19:55.747	[34minfo[0m	/Users/charles/Documents/notepad/gin-vue-admin/server/initialize/router.go:147	router register success
[github.com/flipped-aurora/gin-vue-admin/server]2026-03-26 11:28:13.177	[34minfo[0m	/Users/charles/Documents/notepad/gin-vue-admin/server/initialize/gorm.go:86	register table success
[github.com/flipped-aurora/gin-vue-admin/server]2026-03-26 11:28:13.177	[34minfo[0m	/Users/charles/Documents/notepad/gin-vue-admin/server/initialize/router.go:93	register swagger handler
[github.com/flipped-aurora/gin-vue-admin/server]2026-03-26 11:28:13.181	[34minfo[0m	/Users/charles/Documents/notepad/gin-vue-admin/server/initialize/router.go:147	router register success
[github.com/flipped-aurora/gin-vue-admin/server]2026-03-26 11:31:34.590	[34minfo[0m	/Users/charles/Documents/notepad/gin-vue-admin/server/initialize/gorm.go:86	register table success
[github.com/flipped-aurora/gin-vue-admin/server]2026-03-26 11:31:34.591	[34minfo[0m	/Users/charles/Documents/notepad/gin-vue-admin/server/initialize/router.go:93	register swagger handler
[github.com/flipped-aurora/gin-vue-admin/server]2026-03-26 11:31:34.594	[34minfo[0m	/Users/charles/Documents/notepad/gin-vue-admin/server/initialize/router.go:147	router register success
[github.com/flipped-aurora/gin-vue-admin/server]2026-03-26 11:31:56.004	[34minfo[0m	/Users/charles/Documents/notepad/gin-vue-admin/server/initialize/gorm.go:86	register table success
[github.com/flipped-aurora/gin-vue-admin/server]2026-03-26 11:31:56.005	[34minfo[0m	/Users/charles/Documents/notepad/gin-vue-admin/server/initialize/router.go:93	register swagger handler
[github.com/flipped-aurora/gin-vue-admin/server]2026-03-26 11:31:56.008	[34minfo[0m	/Users/charles/Documents/notepad/gin-vue-admin/server/initialize/router.go:147	router register success
[github.com/flipped-aurora/gin-vue-admin/server]2026-03-26 11:32:06.108	[34minfo[0m	/Users/charles/Documents/notepad/gin-vue-admin/server/initialize/gorm.go:86	register table success
[github.com/flipped-aurora/gin-vue-admin/server]2026-03-26 11:32:06.109	[34minfo[0m	/Users/charles/Documents/notepad/gin-vue-admin/server/initialize/router.go:93	register swagger handler
[github.com/flipped-aurora/gin-vue-admin/server]2026-03-26 11:32:06.112	[34minfo[0m	/Users/charles/Documents/notepad/gin-vue-admin/server/initialize/router.go:147	router register success
[github.com/flipped-aurora/gin-vue-admin/server]2026-03-26 16:37:12.835	[34minfo[0m	/Users/charles/Documents/notepad/gin-vue-admin/server/initialize/gorm.go:86	register table success
[github.com/flipped-aurora/gin-vue-admin/server]2026-03-26 16:37:12.835	[34minfo[0m	/Users/charles/Documents/notepad/gin-vue-admin/server/initialize/router.go:93	register swagger handler
[github.com/flipped-aurora/gin-vue-admin/server]2026-03-26 16:37:12.839	[34minfo[0m	/Users/charles/Documents/notepad/gin-vue-admin/server/initialize/router.go:147	router register success
[github.com/flipped-aurora/gin-vue-admin/server]2026-03-26 16:37:36.278	[34minfo[0m	/Users/charles/Documents/notepad/gin-vue-admin/server/initialize/gorm.go:86	register table success
[github.com/flipped-aurora/gin-vue-admin/server]2026-03-26 16:37:36.279	[34minfo[0m	/Users/charles/Documents/notepad/gin-vue-admin/server/initialize/router.go:93	register swagger handler
[github.com/flipped-aurora/gin-vue-admin/server]2026-03-26 16:37:36.282	[34minfo[0m	/Users/charles/Documents/notepad/gin-vue-admin/server/initialize/router.go:147	router register success
[github.com/flipped-aurora/gin-vue-admin/server]2026-03-26 16:38:34.706	[34minfo[0m	/Users/charles/Documents/notepad/gin-vue-admin/server/initialize/gorm.go:86	register table success
[github.com/flipped-aurora/gin-vue-admin/server]2026-03-26 16:38:34.706	[34minfo[0m	/Users/charles/Documents/notepad/gin-vue-admin/server/initialize/router.go:93	register swagger handler
[github.com/flipped-aurora/gin-vue-admin/server]2026-03-26 16:38:34.710	[34minfo[0m	/Users/charles/Documents/notepad/gin-vue-admin/server/initialize/router.go:147	router register success
[github.com/flipped-aurora/gin-vue-admin/server]2026-03-26 16:39:28.102	[34minfo[0m	/Users/charles/Documents/notepad/gin-vue-admin/server/initialize/gorm.go:86	register table success
[github.com/flipped-aurora/gin-vue-admin/server]2026-03-26 16:39:28.102	[34minfo[0m	/Users/charles/Documents/notepad/gin-vue-admin/server/initialize/router.go:93	register swagger handler
[github.com/flipped-aurora/gin-vue-admin/server]2026-03-26 16:39:28.106	[34minfo[0m	/Users/charles/Documents/notepad/gin-vue-admin/server/initialize/router.go:147	router register success
[github.com/flipped-aurora/gin-vue-admin/server]2026-03-26 16:39:46.192	[34minfo[0m	/Users/charles/Documents/notepad/gin-vue-admin/server/initialize/gorm.go:86	register table success
[github.com/flipped-aurora/gin-vue-admin/server]2026-03-26 16:39:46.192	[34minfo[0m	/Users/charles/Documents/notepad/gin-vue-admin/server/initialize/router.go:93	register swagger handler
[github.com/flipped-aurora/gin-vue-admin/server]2026-03-26 16:39:46.195	[34minfo[0m	/Users/charles/Documents/notepad/gin-vue-admin/server/initialize/router.go:147	router register success
[github.com/flipped-aurora/gin-vue-admin/server]2026-03-26 16:41:24.911	[34minfo[0m	/Users/charles/Documents/notepad/gin-vue-admin/server/initialize/gorm.go:86	register table success
[github.com/flipped-aurora/gin-vue-admin/server]2026-03-26 16:41:24.911	[34minfo[0m	/Users/charles/Documents/notepad/gin-vue-admin/server/initialize/router.go:93	register swagger handler
[github.com/flipped-aurora/gin-vue-admin/server]2026-03-26 16:41:24.914	[34minfo[0m	/Users/charles/Documents/notepad/gin-vue-admin/server/initialize/router.go:147	router register success
[github.com/flipped-aurora/gin-vue-admin/server]2026-03-26 16:50:31.167	[34minfo[0m	/Users/charles/Documents/notepad/gin-vue-admin/server/initialize/gorm.go:86	register table success
[github.com/flipped-aurora/gin-vue-admin/server]2026-03-26 16:50:31.168	[34minfo[0m	/Users/charles/Documents/notepad/gin-vue-admin/server/initialize/router.go:93	register swagger handler
[github.com/flipped-aurora/gin-vue-admin/server]2026-03-26 16:50:31.171	[34minfo[0m	/Users/charles/Documents/notepad/gin-vue-admin/server/initialize/router.go:147	router register success
[github.com/flipped-aurora/gin-vue-admin/server]2026-03-26 21:37:34.133	[34minfo[0m	/Users/charles/Documents/notepad/gin-vue-admin/server/initialize/gorm.go:86	register table success
[github.com/flipped-aurora/gin-vue-admin/server]2026-03-26 21:37:34.134	[34minfo[0m	/Users/charles/Documents/notepad/gin-vue-admin/server/initialize/router.go:93	register swagger handler
[github.com/flipped-aurora/gin-vue-admin/server]2026-03-26 21:37:34.137	[34minfo[0m	/Users/charles/Documents/notepad/gin-vue-admin/server/initialize/router.go:147	router register success
[github.com/flipped-aurora/gin-vue-admin/server]2026-03-26 21:38:21.273	[34minfo[0m	/Users/charles/Documents/notepad/gin-vue-admin/server/initialize/gorm.go:86	register table success
[github.com/flipped-aurora/gin-vue-admin/server]2026-03-26 21:38:21.274	[34minfo[0m	/Users/charles/Documents/notepad/gin-vue-admin/server/initialize/router.go:93	register swagger handler
[github.com/flipped-aurora/gin-vue-admin/server]2026-03-26 21:38:21.277	[34minfo[0m	/Users/charles/Documents/notepad/gin-vue-admin/server/initialize/router.go:147	router register success
[github.com/flipped-aurora/gin-vue-admin/server]2026-03-26 21:40:04.282	[34minfo[0m	/Users/charles/Documents/notepad/gin-vue-admin/server/initialize/gorm.go:86	register table success
[github.com/flipped-aurora/gin-vue-admin/server]2026-03-26 21:40:04.283	[34minfo[0m	/Users/charles/Documents/notepad/gin-vue-admin/server/initialize/router.go:93	register swagger handler
[github.com/flipped-aurora/gin-vue-admin/server]2026-03-26 21:40:04.286	[34minfo[0m	/Users/charles/Documents/notepad/gin-vue-admin/server/initialize/router.go:147	router register success
[github.com/flipped-aurora/gin-vue-admin/server]2026-03-26 21:41:25.481	[34minfo[0m	/Users/charles/Documents/notepad/gin-vue-admin/server/initialize/gorm.go:86	register table success
[github.com/flipped-aurora/gin-vue-admin/server]2026-03-26 21:41:25.482	[34minfo[0m	/Users/charles/Documents/notepad/gin-vue-admin/server/initialize/router.go:93	register swagger handler
[github.com/flipped-aurora/gin-vue-admin/server]2026-03-26 21:41:25.485	[34minfo[0m	/Users/charles/Documents/notepad/gin-vue-admin/server/initialize/router.go:147	router register success
[github.com/flipped-aurora/gin-vue-admin/server]2026-03-26 21:43:52.558	[34minfo[0m	/Users/charles/Documents/notepad/gin-vue-admin/server/initialize/gorm.go:86	register table success
[github.com/flipped-aurora/gin-vue-admin/server]2026-03-26 21:43:52.558	[34minfo[0m	/Users/charles/Documents/notepad/gin-vue-admin/server/initialize/router.go:93	register swagger handler
[github.com/flipped-aurora/gin-vue-admin/server]2026-03-26 21:43:52.561	[34minfo[0m	/Users/charles/Documents/notepad/gin-vue-admin/server/initialize/router.go:147	router register success
[github.com/flipped-aurora/gin-vue-admin/server]2026-03-26 21:47:56.437	[34minfo[0m	/Users/charles/Documents/notepad/gin-vue-admin/server/initialize/gorm.go:86	register table success
[github.com/flipped-aurora/gin-vue-admin/server]2026-03-26 21:47:56.437	[34minfo[0m	/Users/charles/Documents/notepad/gin-vue-admin/server/initialize/router.go:93	register swagger handler
[github.com/flipped-aurora/gin-vue-admin/server]2026-03-26 21:47:56.442	[34minfo[0m	/Users/charles/Documents/notepad/gin-vue-admin/server/initialize/router.go:147	router register success
[github.com/flipped-aurora/gin-vue-admin/server]2026-03-26 21:48:40.682	[34minfo[0m	/Users/charles/Documents/notepad/gin-vue-admin/server/initialize/gorm.go:86	register table success
[github.com/flipped-aurora/gin-vue-admin/server]2026-03-26 21:48:40.682	[34minfo[0m	/Users/charles/Documents/notepad/gin-vue-admin/server/initialize/router.go:93	register swagger handler
[github.com/flipped-aurora/gin-vue-admin/server]2026-03-26 21:48:40.686	[34minfo[0m	/Users/charles/Documents/notepad/gin-vue-admin/server/initialize/router.go:147	router register success
